<?xml version="1.0" encoding="UTF-8"?>
<testsuite name="com.shopping.app.server.service.PasswordAlgoTestCase" tests="4" skipped="0" failures="0" errors="0" timestamp="2015-12-04T11:32:32" hostname="0b09333dec61" time="0.07">
  <properties/>
  <testcase name="test1Save" classname="com.shopping.app.server.service.PasswordAlgoTestCase" time="0.045"/>
  <testcase name="test2Update" classname="com.shopping.app.server.service.PasswordAlgoTestCase" time="0.012"/>
  <testcase name="test3FindById" classname="com.shopping.app.server.service.PasswordAlgoTestCase" time="0.005"/>
  <testcase name="test4Delete" classname="com.shopping.app.server.service.PasswordAlgoTestCase" time="0.008"/>
  <system-out><![CDATA[Setting logged in user info for ADD
In around repository aspect
[EL Fine]: sql: 2015-12-04 11:32:32.114--ClientSession(852636990)--Connection(775863202)--Thread(Thread[Test worker,5,main])--INSERT INTO ast_PasswordAlgo_M (algoId, algoDescription, algoHelp, algoIcon, algoName, algorithm, versionId, createdBy, createdDate, updatedBy, updatedDate, activeStatus, txnAccessCode) VALUES (?, ?, ?, ?, ?, ?, ?, ?, ?, ?, ?, ?, ?)
	bind => [B7521115-B499-4EB4-BCE6-0E5B31F26FA1, S1KpawELCu2IQ778yEanZzTHc1VzfmO1eTxbKLJhfQxV9tqXTC, 2i0N4zlDQoKCcbKTi1ZASebCm5eyKbzGh5n1jlaIC4G5ZUf22v, kSCcjArQkzEAUVXQN7EvmPvosu9E5GygTLJxzrabUGijfEh8XB, v32ZiTFLNkBit8b9v3NO8Pu6Mgq000UtTy8lsnXSE7kxPF6YpX, 6, 1, AAAAA, 2015-12-04 17:02:32.083, null, 2015-12-04 17:02:32.083, 1, null]
In around repository aspect
[EL Fine]: sql: 2015-12-04 11:32:32.122--ClientSession(686190284)--Connection(775863202)--Thread(Thread[Test worker,5,main])--SELECT algoId, algoDescription, algoHelp, algoIcon, algoName, algorithm, versionId, createdBy, createdDate, updatedBy, updatedDate, activeStatus, txnAccessCode FROM ast_PasswordAlgo_M WHERE ((activeStatus = ?) AND (algoId = ?))
	bind => [1, B7521115-B499-4EB4-BCE6-0E5B31F26FA1]
Setting logged in user info for UPDATE
In around repository aspect
[EL Fine]: sql: 2015-12-04 11:32:32.125--ClientSession(1147415770)--Connection(775863202)--Thread(Thread[Test worker,5,main])--SELECT algoId, algoDescription, algoHelp, algoIcon, algoName, algorithm, versionId, createdBy, createdDate, updatedBy, updatedDate, activeStatus, txnAccessCode FROM ast_PasswordAlgo_M WHERE (algoId = ?)
	bind => [B7521115-B499-4EB4-BCE6-0E5B31F26FA1]
[EL Fine]: sql: 2015-12-04 11:32:32.126--ClientSession(1147415770)--Connection(775863202)--Thread(Thread[Test worker,5,main])--UPDATE ast_PasswordAlgo_M SET algoDescription = ?, algoHelp = ?, algoIcon = ?, algoName = ?, algorithm = ?, updatedBy = ?, versionId = ? WHERE ((algoId = ?) AND (versionId = ?))
	bind => [BEgj6eJFf9w6TrIIYjshNrmgqOOrleD3HSgqLZLPwg5WjsAXq2, lClaP9s00Hf2I8DLr6V9OULUwrYKcYGr2oemmtvfCybqX6TDt2, K7NA8I6PLfVvlJ6yNTYN3K1v6wmx0R4dlpPf1droYVJ4cFENdx, XbiKQUXmlWL8UJ0aSUsXOqASgzflGsBIR28EtOhXsmAhFNox2b, 9, AAAAA, 2, B7521115-B499-4EB4-BCE6-0E5B31F26FA1, 1]
In around repository aspect
[EL Fine]: sql: 2015-12-04 11:32:32.133--ClientSession(302749692)--Connection(775863202)--Thread(Thread[Test worker,5,main])--SELECT algoId, algoDescription, algoHelp, algoIcon, algoName, algorithm, versionId, createdBy, createdDate, updatedBy, updatedDate, activeStatus, txnAccessCode FROM ast_PasswordAlgo_M WHERE ((activeStatus = ?) AND (algoId = ?))
	bind => [1, B7521115-B499-4EB4-BCE6-0E5B31F26FA1]
In around repository aspect
[EL Fine]: sql: 2015-12-04 11:32:32.138--ClientSession(1284607670)--Connection(775863202)--Thread(Thread[Test worker,5,main])--SELECT algoId, algoDescription, algoHelp, algoIcon, algoName, algorithm, versionId, createdBy, createdDate, updatedBy, updatedDate, activeStatus, txnAccessCode FROM ast_PasswordAlgo_M WHERE (algoId = ?)
	bind => [B7521115-B499-4EB4-BCE6-0E5B31F26FA1]
[EL Fine]: sql: 2015-12-04 11:32:32.139--ClientSession(1284607670)--Connection(775863202)--Thread(Thread[Test worker,5,main])--DELETE FROM ast_PasswordAlgo_M WHERE ((algoId = ?) AND (versionId = ?))
	bind => [B7521115-B499-4EB4-BCE6-0E5B31F26FA1, 2]
]]></system-out>
  <system-err><![CDATA[]]></system-err>
</testsuite>
