<?xml version="1.0" encoding="UTF-8"?>
<testsuite name="com.shopping.app.server.service.ItemTestCase" tests="4" skipped="0" failures="0" errors="0" timestamp="2015-12-04T11:32:31" hostname="0b09333dec61" time="0.071">
  <properties/>
  <testcase name="test1Save" classname="com.shopping.app.server.service.ItemTestCase" time="0.026"/>
  <testcase name="test2Update" classname="com.shopping.app.server.service.ItemTestCase" time="0.022"/>
  <testcase name="test3FindById" classname="com.shopping.app.server.service.ItemTestCase" time="0.004"/>
  <testcase name="test4Delete" classname="com.shopping.app.server.service.ItemTestCase" time="0.018"/>
  <system-out><![CDATA[Setting logged in user info for ADD
In around repository aspect
[EL Fine]: sql: 2015-12-04 11:32:31.656--ClientSession(1308805354)--Connection(775863202)--Thread(Thread[Test worker,5,main])--INSERT INTO ast_Item_M (itemId, itemIcon, itemName, itemPrice, itemStock, versionId, createdBy, createdDate, updatedBy, updatedDate, activeStatus, txnAccessCode) VALUES (?, ?, ?, ?, ?, ?, ?, ?, ?, ?, ?, ?)
	bind => [2B1BE972-EE53-4424-A47E-90317C5B2812, vAT, dEuOnGYNvrdfpkWska2WiM5nCCDVagSKS51KkBxbisyhdlPZZ6, 12.34, 2147483647, 1, AAAAA, 2015-12-04 17:02:31.65, null, 2015-12-04 17:02:31.65, 1, null]
In around repository aspect
[EL Fine]: sql: 2015-12-04 11:32:31.672--ClientSession(707034797)--Connection(775863202)--Thread(Thread[Test worker,5,main])--SELECT itemId, itemIcon, itemName, itemPrice, itemStock, versionId, createdBy, createdDate, updatedBy, updatedDate, activeStatus, txnAccessCode FROM ast_Item_M WHERE ((activeStatus = ?) AND (itemId = ?))
	bind => [1, 2B1BE972-EE53-4424-A47E-90317C5B2812]
Setting logged in user info for UPDATE
In around repository aspect
[EL Fine]: sql: 2015-12-04 11:32:31.674--ClientSession(2016197626)--Connection(775863202)--Thread(Thread[Test worker,5,main])--SELECT itemId, itemIcon, itemName, itemPrice, itemStock, versionId, createdBy, createdDate, updatedBy, updatedDate, activeStatus, txnAccessCode FROM ast_Item_M WHERE (itemId = ?)
	bind => [2B1BE972-EE53-4424-A47E-90317C5B2812]
[EL Fine]: sql: 2015-12-04 11:32:31.675--ClientSession(2016197626)--Connection(775863202)--Thread(Thread[Test worker,5,main])--UPDATE ast_Item_M SET itemIcon = ?, itemName = ?, updatedBy = ?, versionId = ? WHERE ((itemId = ?) AND (versionId = ?))
	bind => [ZoO, 1suf4XhAMWx16YLYqaSVSzCJcXNlhM6QTprJoX8yGbyEUW76kT, AAAAA, 2, 2B1BE972-EE53-4424-A47E-90317C5B2812, 1]
In around repository aspect
[EL Fine]: sql: 2015-12-04 11:32:31.693--ClientSession(631565894)--Connection(775863202)--Thread(Thread[Test worker,5,main])--SELECT itemId, itemIcon, itemName, itemPrice, itemStock, versionId, createdBy, createdDate, updatedBy, updatedDate, activeStatus, txnAccessCode FROM ast_Item_M WHERE ((activeStatus = ?) AND (itemId = ?))
	bind => [1, 2B1BE972-EE53-4424-A47E-90317C5B2812]
In around repository aspect
[EL Fine]: sql: 2015-12-04 11:32:31.698--ClientSession(1504259811)--Connection(775863202)--Thread(Thread[Test worker,5,main])--SELECT itemId, itemIcon, itemName, itemPrice, itemStock, versionId, createdBy, createdDate, updatedBy, updatedDate, activeStatus, txnAccessCode FROM ast_Item_M WHERE (itemId = ?)
	bind => [2B1BE972-EE53-4424-A47E-90317C5B2812]
[EL Fine]: sql: 2015-12-04 11:32:31.699--ClientSession(1504259811)--Connection(775863202)--Thread(Thread[Test worker,5,main])--DELETE FROM ast_Item_M WHERE ((itemId = ?) AND (versionId = ?))
	bind => [2B1BE972-EE53-4424-A47E-90317C5B2812, 2]
]]></system-out>
  <system-err><![CDATA[]]></system-err>
</testsuite>
