<?xml version="1.0" encoding="UTF-8"?>
<testsuite name="com.shopping.app.server.service.VillageTestCase" tests="9" skipped="0" failures="0" errors="0" timestamp="2015-12-04T11:32:10" hostname="0b09333dec61" time="18.89">
  <properties/>
  <testcase name="test1Save" classname="com.shopping.app.server.service.VillageTestCase" time="18.727"/>
  <testcase name="test2Update" classname="com.shopping.app.server.service.VillageTestCase" time="0.023"/>
  <testcase name="test3FindById" classname="com.shopping.app.server.service.VillageTestCase" time="0.007"/>
  <testcase name="test3findBycountryId" classname="com.shopping.app.server.service.VillageTestCase" time="0.009"/>
  <testcase name="test3findBydistrictId" classname="com.shopping.app.server.service.VillageTestCase" time="0.008"/>
  <testcase name="test3findByregionId" classname="com.shopping.app.server.service.VillageTestCase" time="0.008"/>
  <testcase name="test3findBystateId" classname="com.shopping.app.server.service.VillageTestCase" time="0.008"/>
  <testcase name="test3findBytalukaaId" classname="com.shopping.app.server.service.VillageTestCase" time="0.009"/>
  <testcase name="test4Delete" classname="com.shopping.app.server.service.VillageTestCase" time="0.089"/>
  <system-out><![CDATA[[EL Config]: metadata: 2015-12-04 11:32:16.68--ServerSession(1243878853)--Thread(Thread[Test worker,5,main])--The access type for the persistent class [class com.athena.shared.entity.ArtEntity] is set to [FIELD].
[EL Config]: metadata: 2015-12-04 11:32:16.703--ServerSession(1243878853)--Thread(Thread[Test worker,5,main])--The access type for the persistent class [class com.athena.shared.entity.AuditPropertiesEntity] is set to [FIELD].
[EL Config]: metadata: 2015-12-04 11:32:16.705--ServerSession(1243878853)--Thread(Thread[Test worker,5,main])--The access type for the persistent class [class com.athena.shared.entity.query.ArtQuery] is set to [FIELD].
[EL Config]: metadata: 2015-12-04 11:32:16.707--ServerSession(1243878853)--Thread(Thread[Test worker,5,main])--The access type for the persistent class [class com.athena.shared.entity.query.ArtMenu] is set to [FIELD].
[EL Config]: metadata: 2015-12-04 11:32:16.708--ServerSession(1243878853)--Thread(Thread[Test worker,5,main])--The access type for the persistent class [class com.shopping.app.shared.location.State] is set to [FIELD].
[EL Config]: metadata: 2015-12-04 11:32:16.712--ServerSession(1243878853)--Thread(Thread[Test worker,5,main])--The access type for the persistent class [class com.athena.shared.entity.query.ArtTableEntityRelation] is set to [FIELD].
[EL Config]: metadata: 2015-12-04 11:32:16.717--ServerSession(1243878853)--Thread(Thread[Test worker,5,main])--The target entity (reference) class for the one to one mapping element [field reffKeyDetails] is being defaulted to: class com.athena.shared.entity.query.ArtTableFieldDetails.
[EL Config]: metadata: 2015-12-04 11:32:16.718--ServerSession(1243878853)--Thread(Thread[Test worker,5,main])--The target entity (reference) class for the one to one mapping element [field owingKeyDetails] is being defaulted to: class com.athena.shared.entity.query.ArtTableFieldDetails.
[EL Config]: metadata: 2015-12-04 11:32:16.718--ServerSession(1243878853)--Thread(Thread[Test worker,5,main])--The target entity (reference) class for the one to one mapping element [field reffTableDetails] is being defaulted to: class com.athena.shared.entity.query.ArtTableDetails.
[EL Config]: metadata: 2015-12-04 11:32:16.719--ServerSession(1243878853)--Thread(Thread[Test worker,5,main])--The target entity (reference) class for the many to one mapping element [field owningTableDetails] is being defaulted to: class com.athena.shared.entity.query.ArtTableDetails.
[EL Config]: metadata: 2015-12-04 11:32:16.72--ServerSession(1243878853)--Thread(Thread[Test worker,5,main])--The access type for the persistent class [class com.shopping.app.shared.onlineshopping.Cart] is set to [FIELD].
[EL Config]: metadata: 2015-12-04 11:32:16.72--ServerSession(1243878853)--Thread(Thread[Test worker,5,main])--The access type for the persistent class [class com.shopping.app.shared.authorization.RoleMenuBridge] is set to [FIELD].
[EL Config]: metadata: 2015-12-04 11:32:16.721--ServerSession(1243878853)--Thread(Thread[Test worker,5,main])--The target entity (reference) class for the one to one mapping element [field roles] is being defaulted to: class com.shopping.app.shared.authorization.Roles.
[EL Config]: metadata: 2015-12-04 11:32:16.722--ServerSession(1243878853)--Thread(Thread[Test worker,5,main])--The access type for the persistent class [class com.shopping.app.shared.authentication.Question] is set to [FIELD].
[EL Config]: metadata: 2015-12-04 11:32:16.722--ServerSession(1243878853)--Thread(Thread[Test worker,5,main])--The access type for the persistent class [class com.athena.cloud.shared.entity.CloudDriveTags] is set to [FIELD].
[EL Config]: metadata: 2015-12-04 11:32:16.726--ServerSession(1243878853)--Thread(Thread[Test worker,5,main])--The target entity (reference) class for the one to many mapping element [field awsCloudDriveTagFiles] is being defaulted to: class com.athena.cloud.shared.entity.CloudDriveTagFiles.
[EL Config]: metadata: 2015-12-04 11:32:16.727--ServerSession(1243878853)--Thread(Thread[Test worker,5,main])--The access type for the persistent class [class com.shopping.app.shared.location.City] is set to [FIELD].
[EL Config]: metadata: 2015-12-04 11:32:16.728--ServerSession(1243878853)--Thread(Thread[Test worker,5,main])--The access type for the persistent class [class com.shopping.app.shared.authentication.Login] is set to [FIELD].
[EL Config]: metadata: 2015-12-04 11:32:16.729--ServerSession(1243878853)--Thread(Thread[Test worker,5,main])--The target entity (reference) class for the one to one mapping element [field coreContacts] is being defaulted to: class com.shopping.app.shared.contacts.CoreContacts.
[EL Config]: metadata: 2015-12-04 11:32:16.729--ServerSession(1243878853)--Thread(Thread[Test worker,5,main])--The target entity (reference) class for the one to one mapping element [field user] is being defaulted to: class com.shopping.app.shared.authentication.User.
[EL Config]: metadata: 2015-12-04 11:32:16.729--ServerSession(1243878853)--Thread(Thread[Test worker,5,main])--The access type for the persistent class [class com.athena.shared.entity.report.ArtServiceOperation] is set to [FIELD].
[EL Config]: metadata: 2015-12-04 11:32:16.73--ServerSession(1243878853)--Thread(Thread[Test worker,5,main])--The target entity (reference) class for the many to one mapping element [field artservice] is being defaulted to: class com.athena.shared.entity.report.ArtService.
[EL Config]: metadata: 2015-12-04 11:32:16.731--ServerSession(1243878853)--Thread(Thread[Test worker,5,main])--The access type for the persistent class [class com.athena.shared.entity.report.ArtChartTemplate] is set to [FIELD].
[EL Config]: metadata: 2015-12-04 11:32:16.732--ServerSession(1243878853)--Thread(Thread[Test worker,5,main])--The access type for the persistent class [class com.shopping.app.shared.contacts.ContactType] is set to [FIELD].
[EL Config]: metadata: 2015-12-04 11:32:16.733--ServerSession(1243878853)--Thread(Thread[Test worker,5,main])--The access type for the persistent class [class com.shopping.app.shared.location.Address] is set to [FIELD].
[EL Config]: metadata: 2015-12-04 11:32:16.734--ServerSession(1243878853)--Thread(Thread[Test worker,5,main])--The access type for the persistent class [class com.athena.cloud.shared.entity.CloudDriveFiles] is set to [FIELD].
[EL Config]: metadata: 2015-12-04 11:32:16.734--ServerSession(1243878853)--Thread(Thread[Test worker,5,main])--The target entity (reference) class for the many to many mapping element [field tags] is being defaulted to: class com.athena.cloud.shared.entity.CloudDriveTags.
[EL Config]: metadata: 2015-12-04 11:32:16.735--ServerSession(1243878853)--Thread(Thread[Test worker,5,main])--The target entity (reference) class for the one to one mapping element [field contentType] is being defaulted to: class com.athena.cloud.shared.entity.CloudDriveContentType.
[EL Config]: metadata: 2015-12-04 11:32:16.736--ServerSession(1243878853)--Thread(Thread[Test worker,5,main])--The access type for the persistent class [class com.athena.shared.entity.query.ArtTableDetails] is set to [FIELD].
[EL Config]: metadata: 2015-12-04 11:32:16.736--ServerSession(1243878853)--Thread(Thread[Test worker,5,main])--The target entity (reference) class for the one to many mapping element [field entityRelations] is being defaulted to: class com.athena.shared.entity.query.ArtTableEntityRelation.
[EL Config]: metadata: 2015-12-04 11:32:16.736--ServerSession(1243878853)--Thread(Thread[Test worker,5,main])--The target entity (reference) class for the one to many mapping element [field artTableFieldDetail] is being defaulted to: class com.athena.shared.entity.query.ArtTableFieldDetails.
[EL Config]: metadata: 2015-12-04 11:32:16.737--ServerSession(1243878853)--Thread(Thread[Test worker,5,main])--The access type for the persistent class [class com.shopping.app.shared.contacts.CommunicationType] is set to [FIELD].
[EL Config]: metadata: 2015-12-04 11:32:16.738--ServerSession(1243878853)--Thread(Thread[Test worker,5,main])--The access type for the persistent class [class com.shopping.app.shared.customers.AppCustomerType] is set to [FIELD].
[EL Config]: metadata: 2015-12-04 11:32:16.739--ServerSession(1243878853)--Thread(Thread[Test worker,5,main])--The access type for the persistent class [class com.shopping.app.shared.location.Country] is set to [FIELD].
[EL Config]: metadata: 2015-12-04 11:32:16.74--ServerSession(1243878853)--Thread(Thread[Test worker,5,main])--The access type for the persistent class [class com.athena.shared.entity.report.ArtChartCategory] is set to [FIELD].
[EL Config]: metadata: 2015-12-04 11:32:16.74--ServerSession(1243878853)--Thread(Thread[Test worker,5,main])--The target entity (reference) class for the one to one mapping element [field chart_json_id] is being defaulted to: class com.athena.shared.entity.report.ArtChartJson.
[EL Config]: metadata: 2015-12-04 11:32:16.741--ServerSession(1243878853)--Thread(Thread[Test worker,5,main])--The access type for the persistent class [class com.athena.shared.entity.report.ArtChartJson] is set to [FIELD].
[EL Config]: metadata: 2015-12-04 11:32:16.742--ServerSession(1243878853)--Thread(Thread[Test worker,5,main])--The target entity (reference) class for the one to one mapping element [field data_field_id] is being defaulted to: class com.athena.shared.entity.report.ArtChartDataFieldJson.
[EL Config]: metadata: 2015-12-04 11:32:16.742--ServerSession(1243878853)--Thread(Thread[Test worker,5,main])--The access type for the persistent class [class com.shopping.app.shared.contacts.Gender] is set to [FIELD].
[EL Config]: metadata: 2015-12-04 11:32:16.743--ServerSession(1243878853)--Thread(Thread[Test worker,5,main])--The access type for the persistent class [class com.shopping.app.shared.location.District] is set to [FIELD].
[EL Config]: metadata: 2015-12-04 11:32:16.744--ServerSession(1243878853)--Thread(Thread[Test worker,5,main])--The access type for the persistent class [class com.shopping.app.shared.onlineshopping.Item] is set to [FIELD].
[EL Config]: metadata: 2015-12-04 11:32:16.745--ServerSession(1243878853)--Thread(Thread[Test worker,5,main])--The access type for the persistent class [class com.spartan.healthmeter.entity.ZenHealthGauge] is set to [FIELD].
[EL Config]: metadata: 2015-12-04 11:32:16.746--ServerSession(1243878853)--Thread(Thread[Test worker,5,main])--The access type for the persistent class [class com.athena.cloud.shared.entity.CloudDriveContentType] is set to [FIELD].
[EL Config]: metadata: 2015-12-04 11:32:16.746--ServerSession(1243878853)--Thread(Thread[Test worker,5,main])--The access type for the persistent class [class com.athena.shared.entity.report.ArtChartProperties] is set to [FIELD].
[EL Config]: metadata: 2015-12-04 11:32:16.747--ServerSession(1243878853)--Thread(Thread[Test worker,5,main])--The access type for the persistent class [class com.shopping.app.shared.location.AddressType] is set to [FIELD].
[EL Config]: metadata: 2015-12-04 11:32:16.748--ServerSession(1243878853)--Thread(Thread[Test worker,5,main])--The access type for the persistent class [class com.athena.shared.entity.query.ArtUserLastStatus] is set to [FIELD].
[EL Config]: metadata: 2015-12-04 11:32:16.749--ServerSession(1243878853)--Thread(Thread[Test worker,5,main])--The access type for the persistent class [class com.shopping.app.shared.location.Language] is set to [FIELD].
[EL Config]: metadata: 2015-12-04 11:32:16.749--ServerSession(1243878853)--Thread(Thread[Test worker,5,main])--The access type for the persistent class [class com.athena.shared.entity.query.ArtMasterForm] is set to [FIELD].
[EL Config]: metadata: 2015-12-04 11:32:16.75--ServerSession(1243878853)--Thread(Thread[Test worker,5,main])--The access type for the persistent class [class com.shopping.app.shared.contacts.CoreContacts] is set to [FIELD].
[EL Config]: metadata: 2015-12-04 11:32:16.751--ServerSession(1243878853)--Thread(Thread[Test worker,5,main])--The target entity (reference) class for the one to many mapping element [field address] is being defaulted to: class com.shopping.app.shared.location.Address.
[EL Config]: metadata: 2015-12-04 11:32:16.752--ServerSession(1243878853)--Thread(Thread[Test worker,5,main])--The target entity (reference) class for the one to many mapping element [field communicationData] is being defaulted to: class com.shopping.app.shared.contacts.CommunicationData.
[EL Config]: metadata: 2015-12-04 11:32:16.752--ServerSession(1243878853)--Thread(Thread[Test worker,5,main])--The access type for the persistent class [class com.athena.deo.model.AwsExternalIntegration] is set to [FIELD].
[EL Config]: metadata: 2015-12-04 11:32:16.753--ServerSession(1243878853)--Thread(Thread[Test worker,5,main])--The access type for the persistent class [class com.shopping.app.shared.contacts.Title] is set to [FIELD].
[EL Config]: metadata: 2015-12-04 11:32:16.753--ServerSession(1243878853)--Thread(Thread[Test worker,5,main])--The access type for the persistent class [class com.athena.shared.entity.query.ArtUserMenu] is set to [FIELD].
[EL Config]: metadata: 2015-12-04 11:32:16.754--ServerSession(1243878853)--Thread(Thread[Test worker,5,main])--The access type for the persistent class [class com.athena.cloud.shared.entity.CloudDriveTagShared] is set to [FIELD].
[EL Config]: metadata: 2015-12-04 11:32:16.754--ServerSession(1243878853)--Thread(Thread[Test worker,5,main])--The target entity (reference) class for the one to one mapping element [field tags] is being defaulted to: class com.athena.cloud.shared.entity.CloudDriveTags.
[EL Config]: metadata: 2015-12-04 11:32:16.755--ServerSession(1243878853)--Thread(Thread[Test worker,5,main])--The access type for the persistent class [class com.shopping.app.shared.authentication.UserAccessDomain] is set to [FIELD].
[EL Config]: metadata: 2015-12-04 11:32:16.756--ServerSession(1243878853)--Thread(Thread[Test worker,5,main])--The access type for the persistent class [class com.spartan.healthmeter.entity.HealthSchedulerConfiguration] is set to [FIELD].
[EL Config]: metadata: 2015-12-04 11:32:16.756--ServerSession(1243878853)--Thread(Thread[Test worker,5,main])--The access type for the persistent class [class com.athena.cloud.shared.entity.CloudDriveFileVersion] is set to [FIELD].
[EL Config]: metadata: 2015-12-04 11:32:16.757--ServerSession(1243878853)--Thread(Thread[Test worker,5,main])--The target entity (reference) class for the one to one mapping element [field file] is being defaulted to: class com.athena.cloud.shared.entity.CloudDriveFiles.
[EL Config]: metadata: 2015-12-04 11:32:16.757--ServerSession(1243878853)--Thread(Thread[Test worker,5,main])--The access type for the persistent class [class com.shopping.app.shared.location.Region] is set to [FIELD].
[EL Config]: metadata: 2015-12-04 11:32:16.758--ServerSession(1243878853)--Thread(Thread[Test worker,5,main])--The access type for the persistent class [class com.shopping.app.shared.authentication.UserAccessLevel] is set to [FIELD].
[EL Config]: metadata: 2015-12-04 11:32:16.758--ServerSession(1243878853)--Thread(Thread[Test worker,5,main])--The access type for the persistent class [class com.shopping.app.shared.authorization.UserRoleBridge] is set to [FIELD].
[EL Config]: metadata: 2015-12-04 11:32:16.759--ServerSession(1243878853)--Thread(Thread[Test worker,5,main])--The access type for the persistent class [class com.spartan.healthmeter.entity.ZenSchedulerHealth] is set to [FIELD].
[EL Config]: metadata: 2015-12-04 11:32:16.76--ServerSession(1243878853)--Thread(Thread[Test worker,5,main])--The access type for the persistent class [class com.athena.shared.entity.report.ArtChartType] is set to [FIELD].
[EL Config]: metadata: 2015-12-04 11:32:16.761--ServerSession(1243878853)--Thread(Thread[Test worker,5,main])--The target entity (reference) class for the one to one mapping element [field chart_id] is being defaulted to: class com.athena.shared.entity.report.ArtChartCategory.
[EL Config]: metadata: 2015-12-04 11:32:16.761--ServerSession(1243878853)--Thread(Thread[Test worker,5,main])--The access type for the persistent class [class com.shopping.app.shared.authentication.PasswordAlgo] is set to [FIELD].
[EL Config]: metadata: 2015-12-04 11:32:16.762--ServerSession(1243878853)--Thread(Thread[Test worker,5,main])--The access type for the persistent class [class com.shopping.app.shared.authorization.Roles] is set to [FIELD].
[EL Config]: metadata: 2015-12-04 11:32:16.762--ServerSession(1243878853)--Thread(Thread[Test worker,5,main])--The target entity (reference) class for the one to many mapping element [field roleMenuBridge] is being defaulted to: class com.shopping.app.shared.authorization.RoleMenuBridge.
[EL Config]: metadata: 2015-12-04 11:32:16.762--ServerSession(1243878853)--Thread(Thread[Test worker,5,main])--The access type for the persistent class [class com.athena.shared.entity.query.ArtDatabaseFunction] is set to [FIELD].
[EL Config]: metadata: 2015-12-04 11:32:16.763--ServerSession(1243878853)--Thread(Thread[Test worker,5,main])--The access type for the persistent class [class com.shopping.app.shared.location.AddressExtended] is set to [FIELD].
[EL Config]: metadata: 2015-12-04 11:32:16.764--ServerSession(1243878853)--Thread(Thread[Test worker,5,main])--The access type for the persistent class [class com.athena.shared.entity.report.ArtChartPropLanguage] is set to [FIELD].
[EL Config]: metadata: 2015-12-04 11:32:16.764--ServerSession(1243878853)--Thread(Thread[Test worker,5,main])--The target entity (reference) class for the one to one mapping element [field property_id] is being defaulted to: class com.athena.shared.entity.report.ArtChartProperties.
[EL Config]: metadata: 2015-12-04 11:32:16.764--ServerSession(1243878853)--Thread(Thread[Test worker,5,main])--The target entity (reference) class for the one to one mapping element [field lang_id] is being defaulted to: class com.athena.shared.entity.report.ArtLangMaster.
[EL Config]: metadata: 2015-12-04 11:32:16.765--ServerSession(1243878853)--Thread(Thread[Test worker,5,main])--The access type for the persistent class [class com.spartan.shield.server.entity.AppSessionConfig] is set to [FIELD].
[EL Config]: metadata: 2015-12-04 11:32:16.765--ServerSession(1243878853)--Thread(Thread[Test worker,5,main])--The access type for the persistent class [class com.athena.shared.entity.report.ArtLangMaster] is set to [FIELD].
[EL Config]: metadata: 2015-12-04 11:32:16.766--ServerSession(1243878853)--Thread(Thread[Test worker,5,main])--The access type for the persistent class [class com.athena.shared.entity.query.ArtDatabaseOperators] is set to [FIELD].
[EL Config]: metadata: 2015-12-04 11:32:16.766--ServerSession(1243878853)--Thread(Thread[Test worker,5,main])--The access type for the persistent class [class com.shopping.app.shared.contacts.CommunicationGroup] is set to [FIELD].
[EL Config]: metadata: 2015-12-04 11:32:16.767--ServerSession(1243878853)--Thread(Thread[Test worker,5,main])--The access type for the persistent class [class com.athena.cloud.shared.entity.CloudDriveFileShared] is set to [FIELD].
[EL Config]: metadata: 2015-12-04 11:32:16.767--ServerSession(1243878853)--Thread(Thread[Test worker,5,main])--The target entity (reference) class for the one to one mapping element [field file] is being defaulted to: class com.athena.cloud.shared.entity.CloudDriveFiles.
[EL Config]: metadata: 2015-12-04 11:32:16.768--ServerSession(1243878853)--Thread(Thread[Test worker,5,main])--The access type for the persistent class [class com.shopping.app.shared.location.Taluka] is set to [FIELD].
[EL Config]: metadata: 2015-12-04 11:32:16.768--ServerSession(1243878853)--Thread(Thread[Test worker,5,main])--The access type for the persistent class [class com.shopping.app.shared.authentication.PassRecovery] is set to [FIELD].
[EL Config]: metadata: 2015-12-04 11:32:16.769--ServerSession(1243878853)--Thread(Thread[Test worker,5,main])--The target entity (reference) class for the one to one mapping element [field user] is being defaulted to: class com.shopping.app.shared.authentication.User.
[EL Config]: metadata: 2015-12-04 11:32:16.769--ServerSession(1243878853)--Thread(Thread[Test worker,5,main])--The access type for the persistent class [class com.shopping.app.shared.contacts.CommunicationData] is set to [FIELD].
[EL Config]: metadata: 2015-12-04 11:32:16.769--ServerSession(1243878853)--Thread(Thread[Test worker,5,main])--The access type for the persistent class [class com.shopping.app.shared.location.Timezone] is set to [FIELD].
[EL Config]: metadata: 2015-12-04 11:32:16.77--ServerSession(1243878853)--Thread(Thread[Test worker,5,main])--The access type for the persistent class [class com.shopping.app.shared.authentication.SessionData] is set to [FIELD].
[EL Config]: metadata: 2015-12-04 11:32:16.771--ServerSession(1243878853)--Thread(Thread[Test worker,5,main])--The access type for the persistent class [class com.spartan.healthmeter.entity.ZenHealthStatus] is set to [FIELD].
[EL Config]: metadata: 2015-12-04 11:32:16.771--ServerSession(1243878853)--Thread(Thread[Test worker,5,main])--The access type for the persistent class [class com.athena.cloud.shared.entity.CloudDriveDefaultTags] is set to [FIELD].
[EL Config]: metadata: 2015-12-04 11:32:16.771--ServerSession(1243878853)--Thread(Thread[Test worker,5,main])--The access type for the persistent class [class com.athena.shared.entity.query.ArtTableFieldDetails] is set to [FIELD].
[EL Config]: metadata: 2015-12-04 11:32:16.772--ServerSession(1243878853)--Thread(Thread[Test worker,5,main])--The target entity (reference) class for the many to one mapping element [field awsTableDetail] is being defaulted to: class com.athena.shared.entity.query.ArtTableDetails.
[EL Config]: metadata: 2015-12-04 11:32:16.773--ServerSession(1243878853)--Thread(Thread[Test worker,5,main])--The access type for the persistent class [class com.shopping.app.shared.location.Village] is set to [FIELD].
[EL Config]: metadata: 2015-12-04 11:32:16.774--ServerSession(1243878853)--Thread(Thread[Test worker,5,main])--The access type for the persistent class [class com.shopping.app.shared.authentication.User] is set to [FIELD].
[EL Config]: metadata: 2015-12-04 11:32:16.774--ServerSession(1243878853)--Thread(Thread[Test worker,5,main])--The target entity (reference) class for the one to one mapping element [field userData] is being defaulted to: class com.shopping.app.shared.authentication.UserData.
[EL Config]: metadata: 2015-12-04 11:32:16.775--ServerSession(1243878853)--Thread(Thread[Test worker,5,main])--The target entity (reference) class for the one to many mapping element [field passRecovery] is being defaulted to: class com.shopping.app.shared.authentication.PassRecovery.
[EL Config]: metadata: 2015-12-04 11:32:16.775--ServerSession(1243878853)--Thread(Thread[Test worker,5,main])--The access type for the persistent class [class com.shopping.app.shared.authentication.PasswordPolicy] is set to [FIELD].
[EL Config]: metadata: 2015-12-04 11:32:16.776--ServerSession(1243878853)--Thread(Thread[Test worker,5,main])--The access type for the persistent class [class com.shopping.app.shared.customers.AppCustomerCategory] is set to [FIELD].
[EL Config]: metadata: 2015-12-04 11:32:16.776--ServerSession(1243878853)--Thread(Thread[Test worker,5,main])--The access type for the persistent class [class com.spartan.healthmeter.entity.ZenRequestDetails] is set to [FIELD].
[EL Config]: metadata: 2015-12-04 11:32:16.777--ServerSession(1243878853)--Thread(Thread[Test worker,5,main])--The access type for the persistent class [class com.athena.ruleengine.shared.ArtRules] is set to [FIELD].
[EL Config]: metadata: 2015-12-04 11:32:16.777--ServerSession(1243878853)--Thread(Thread[Test worker,5,main])--The access type for the persistent class [class com.athena.shared.entity.report.ArtReportBuilderDetails] is set to [FIELD].
[EL Config]: metadata: 2015-12-04 11:32:16.778--ServerSession(1243878853)--Thread(Thread[Test worker,5,main])--The access type for the persistent class [class com.athena.cloud.shared.entity.CloudDriveTagFiles] is set to [FIELD].
[EL Config]: metadata: 2015-12-04 11:32:16.779--ServerSession(1243878853)--Thread(Thread[Test worker,5,main])--The target entity (reference) class for the one to one mapping element [field tags] is being defaulted to: class com.athena.cloud.shared.entity.CloudDriveTags.
[EL Config]: metadata: 2015-12-04 11:32:16.779--ServerSession(1243878853)--Thread(Thread[Test worker,5,main])--The target entity (reference) class for the one to one mapping element [field file] is being defaulted to: class com.athena.cloud.shared.entity.CloudDriveFiles.
[EL Config]: metadata: 2015-12-04 11:32:16.779--ServerSession(1243878853)--Thread(Thread[Test worker,5,main])--The access type for the persistent class [class com.shopping.app.shared.authorization.AppMenus] is set to [FIELD].
[EL Config]: metadata: 2015-12-04 11:32:16.78--ServerSession(1243878853)--Thread(Thread[Test worker,5,main])--The access type for the persistent class [class com.shopping.app.shared.customers.AppCustomer] is set to [FIELD].
[EL Config]: metadata: 2015-12-04 11:32:16.78--ServerSession(1243878853)--Thread(Thread[Test worker,5,main])--The access type for the persistent class [class com.spartan.healthmeter.entity.ZenHealthCounter] is set to [FIELD].
[EL Config]: metadata: 2015-12-04 11:32:16.781--ServerSession(1243878853)--Thread(Thread[Test worker,5,main])--The access type for the persistent class [class com.spartan.healthmeter.entity.ZenHealth] is set to [FIELD].
[EL Config]: metadata: 2015-12-04 11:32:16.782--ServerSession(1243878853)--Thread(Thread[Test worker,5,main])--The access type for the persistent class [class com.athena.shared.entity.report.ArtChartDataFieldJson] is set to [FIELD].
[EL Config]: metadata: 2015-12-04 11:32:16.783--ServerSession(1243878853)--Thread(Thread[Test worker,5,main])--The access type for the persistent class [class com.athena.shared.entity.report.ArtReportUI] is set to [FIELD].
[EL Config]: metadata: 2015-12-04 11:32:16.784--ServerSession(1243878853)--Thread(Thread[Test worker,5,main])--The access type for the persistent class [class com.shopping.app.shared.authentication.UserData] is set to [FIELD].
[EL Config]: metadata: 2015-12-04 11:32:16.784--ServerSession(1243878853)--Thread(Thread[Test worker,5,main])--The target entity (reference) class for the one to one mapping element [field user] is being defaulted to: class com.shopping.app.shared.authentication.User.
[EL Config]: metadata: 2015-12-04 11:32:16.784--ServerSession(1243878853)--Thread(Thread[Test worker,5,main])--The access type for the persistent class [class com.shopping.app.shared.location.Currency] is set to [FIELD].
[EL Config]: metadata: 2015-12-04 11:32:16.785--ServerSession(1243878853)--Thread(Thread[Test worker,5,main])--The access type for the persistent class [class com.athena.shared.entity.report.ArtService] is set to [FIELD].
[EL Config]: metadata: 2015-12-04 11:32:16.785--ServerSession(1243878853)--Thread(Thread[Test worker,5,main])--The target entity (reference) class for the one to many mapping element [field artServiceOperations] is being defaulted to: class com.athena.shared.entity.report.ArtServiceOperation.
[EL Config]: metadata: 2015-12-04 11:32:16.786--ServerSession(1243878853)--Thread(Thread[Test worker,5,main])--The access type for the persistent class [class com.athena.server.bean.EntityBean] is set to [FIELD].
[EL Config]: metadata: 2015-12-04 11:32:16.786--ServerSession(1243878853)--Thread(Thread[Test worker,5,main])--The access type for the persistent class [class com.shopping.app.shared.authentication.LoginSession] is set to [FIELD].
[EL Config]: metadata: 2015-12-04 11:32:16.787--ServerSession(1243878853)--Thread(Thread[Test worker,5,main])--The access type for the persistent class [class com.athena.shared.entity.query.ArtDatabaseAggregate] is set to [FIELD].
[EL Config]: metadata: 2015-12-04 11:32:16.787--ServerSession(1243878853)--Thread(Thread[Test worker,5,main])--The access type for the persistent class [class com.shopping.app.shared.SystemInfo] is set to [FIELD].
[EL Config]: metadata: 2015-12-04 11:32:16.788--ServerSession(1243878853)--Thread(Thread[Test worker,5,main])--The access type for the persistent class [class com.shopping.app.shared.EntityAudit] is set to [FIELD].
[EL Config]: metadata: 2015-12-04 11:32:16.795--ServerSession(1243878853)--Thread(Thread[Test worker,5,main])--The alias name for the entity class [class com.athena.shared.entity.query.ArtQuery] is being defaulted to: ArtQuery.
[EL Config]: metadata: 2015-12-04 11:32:16.808--ServerSession(1243878853)--Thread(Thread[Test worker,5,main])--The alias name for the entity class [class com.athena.shared.entity.query.ArtMenu] is being defaulted to: ArtMenu.
[EL Config]: metadata: 2015-12-04 11:32:16.809--ServerSession(1243878853)--Thread(Thread[Test worker,5,main])--The alias name for the entity class [class com.shopping.app.shared.location.State] is being defaulted to: State.
[EL Config]: metadata: 2015-12-04 11:32:16.812--ServerSession(1243878853)--Thread(Thread[Test worker,5,main])--The alias name for the entity class [class com.athena.shared.entity.query.ArtTableEntityRelation] is being defaulted to: ArtTableEntityRelation.
[EL Config]: metadata: 2015-12-04 11:32:16.813--ServerSession(1243878853)--Thread(Thread[Test worker,5,main])--The alias name for the entity class [class com.shopping.app.shared.onlineshopping.Cart] is being defaulted to: Cart.
[EL Config]: metadata: 2015-12-04 11:32:16.813--ServerSession(1243878853)--Thread(Thread[Test worker,5,main])--The alias name for the entity class [class com.shopping.app.shared.authorization.RoleMenuBridge] is being defaulted to: RoleMenuBridge.
[EL Config]: metadata: 2015-12-04 11:32:16.814--ServerSession(1243878853)--Thread(Thread[Test worker,5,main])--The alias name for the entity class [class com.shopping.app.shared.authentication.Question] is being defaulted to: Question.
[EL Config]: metadata: 2015-12-04 11:32:16.814--ServerSession(1243878853)--Thread(Thread[Test worker,5,main])--The alias name for the entity class [class com.athena.cloud.shared.entity.CloudDriveTags] is being defaulted to: CloudDriveTags.
[EL Config]: metadata: 2015-12-04 11:32:16.816--ServerSession(1243878853)--Thread(Thread[Test worker,5,main])--The alias name for the entity class [class com.shopping.app.shared.location.City] is being defaulted to: City.
[EL Config]: metadata: 2015-12-04 11:32:16.816--ServerSession(1243878853)--Thread(Thread[Test worker,5,main])--The alias name for the entity class [class com.shopping.app.shared.authentication.Login] is being defaulted to: Login.
[EL Config]: metadata: 2015-12-04 11:32:16.817--ServerSession(1243878853)--Thread(Thread[Test worker,5,main])--The alias name for the entity class [class com.athena.shared.entity.report.ArtServiceOperation] is being defaulted to: ArtServiceOperation.
[EL Config]: metadata: 2015-12-04 11:32:16.818--ServerSession(1243878853)--Thread(Thread[Test worker,5,main])--The alias name for the entity class [class com.athena.shared.entity.report.ArtChartTemplate] is being defaulted to: ArtChartTemplate.
[EL Config]: metadata: 2015-12-04 11:32:16.819--ServerSession(1243878853)--Thread(Thread[Test worker,5,main])--The alias name for the entity class [class com.shopping.app.shared.contacts.ContactType] is being defaulted to: ContactType.
[EL Config]: metadata: 2015-12-04 11:32:16.819--ServerSession(1243878853)--Thread(Thread[Test worker,5,main])--The alias name for the entity class [class com.shopping.app.shared.location.Address] is being defaulted to: Address.
[EL Config]: metadata: 2015-12-04 11:32:16.82--ServerSession(1243878853)--Thread(Thread[Test worker,5,main])--The alias name for the entity class [class com.athena.cloud.shared.entity.CloudDriveFiles] is being defaulted to: CloudDriveFiles.
[EL Config]: metadata: 2015-12-04 11:32:16.821--ServerSession(1243878853)--Thread(Thread[Test worker,5,main])--The alias name for the entity class [class com.athena.shared.entity.query.ArtTableDetails] is being defaulted to: ArtTableDetails.
[EL Config]: metadata: 2015-12-04 11:32:16.822--ServerSession(1243878853)--Thread(Thread[Test worker,5,main])--The alias name for the entity class [class com.shopping.app.shared.contacts.CommunicationType] is being defaulted to: CommunicationType.
[EL Config]: metadata: 2015-12-04 11:32:16.822--ServerSession(1243878853)--Thread(Thread[Test worker,5,main])--The alias name for the entity class [class com.shopping.app.shared.customers.AppCustomerType] is being defaulted to: AppCustomerType.
[EL Config]: metadata: 2015-12-04 11:32:16.823--ServerSession(1243878853)--Thread(Thread[Test worker,5,main])--The alias name for the entity class [class com.shopping.app.shared.location.Country] is being defaulted to: Country.
[EL Config]: metadata: 2015-12-04 11:32:16.823--ServerSession(1243878853)--Thread(Thread[Test worker,5,main])--The alias name for the entity class [class com.athena.shared.entity.report.ArtChartCategory] is being defaulted to: ArtChartCategory.
[EL Config]: metadata: 2015-12-04 11:32:16.824--ServerSession(1243878853)--Thread(Thread[Test worker,5,main])--The alias name for the entity class [class com.athena.shared.entity.report.ArtChartJson] is being defaulted to: ArtChartJson.
[EL Config]: metadata: 2015-12-04 11:32:16.825--ServerSession(1243878853)--Thread(Thread[Test worker,5,main])--The alias name for the entity class [class com.shopping.app.shared.contacts.Gender] is being defaulted to: Gender.
[EL Config]: metadata: 2015-12-04 11:32:16.825--ServerSession(1243878853)--Thread(Thread[Test worker,5,main])--The alias name for the entity class [class com.shopping.app.shared.location.District] is being defaulted to: District.
[EL Config]: metadata: 2015-12-04 11:32:16.826--ServerSession(1243878853)--Thread(Thread[Test worker,5,main])--The alias name for the entity class [class com.shopping.app.shared.onlineshopping.Item] is being defaulted to: Item.
[EL Config]: metadata: 2015-12-04 11:32:16.826--ServerSession(1243878853)--Thread(Thread[Test worker,5,main])--The alias name for the entity class [class com.spartan.healthmeter.entity.ZenHealthGauge] is being defaulted to: ZenHealthGauge.
[EL Config]: metadata: 2015-12-04 11:32:16.827--ServerSession(1243878853)--Thread(Thread[Test worker,5,main])--The alias name for the entity class [class com.athena.cloud.shared.entity.CloudDriveContentType] is being defaulted to: CloudDriveContentType.
[EL Config]: metadata: 2015-12-04 11:32:16.827--ServerSession(1243878853)--Thread(Thread[Test worker,5,main])--The alias name for the entity class [class com.athena.shared.entity.report.ArtChartProperties] is being defaulted to: ArtChartProperties.
[EL Config]: metadata: 2015-12-04 11:32:16.828--ServerSession(1243878853)--Thread(Thread[Test worker,5,main])--The alias name for the entity class [class com.shopping.app.shared.location.AddressType] is being defaulted to: AddressType.
[EL Config]: metadata: 2015-12-04 11:32:16.828--ServerSession(1243878853)--Thread(Thread[Test worker,5,main])--The alias name for the entity class [class com.athena.shared.entity.query.ArtUserLastStatus] is being defaulted to: ArtUserLastStatus.
[EL Config]: metadata: 2015-12-04 11:32:16.829--ServerSession(1243878853)--Thread(Thread[Test worker,5,main])--The alias name for the entity class [class com.shopping.app.shared.location.Language] is being defaulted to: Language.
[EL Config]: metadata: 2015-12-04 11:32:16.829--ServerSession(1243878853)--Thread(Thread[Test worker,5,main])--The alias name for the entity class [class com.athena.shared.entity.query.ArtMasterForm] is being defaulted to: ArtMasterForm.
[EL Config]: metadata: 2015-12-04 11:32:16.83--ServerSession(1243878853)--Thread(Thread[Test worker,5,main])--The alias name for the entity class [class com.shopping.app.shared.contacts.CoreContacts] is being defaulted to: CoreContacts.
[EL Config]: metadata: 2015-12-04 11:32:16.831--ServerSession(1243878853)--Thread(Thread[Test worker,5,main])--The alias name for the entity class [class com.athena.deo.model.AwsExternalIntegration] is being defaulted to: AwsExternalIntegration.
[EL Config]: metadata: 2015-12-04 11:32:16.832--ServerSession(1243878853)--Thread(Thread[Test worker,5,main])--The alias name for the entity class [class com.shopping.app.shared.contacts.Title] is being defaulted to: Title.
[EL Config]: metadata: 2015-12-04 11:32:16.832--ServerSession(1243878853)--Thread(Thread[Test worker,5,main])--The alias name for the entity class [class com.athena.shared.entity.query.ArtUserMenu] is being defaulted to: ArtUserMenu.
[EL Warning]: metadata: 2015-12-04 11:32:16.833--ServerSession(1243878853)--Thread(Thread[Test worker,5,main])--You have specified multiple ids for the entity class [com.athena.shared.entity.query.ArtUserMenu] without specifying an @IdClass. By doing this you may lose the ability to find by identity, distributed cache support etc. Note: You may however use entity manager find operations by passing a list of primary key fields. Else, you will have to use JPQL queries to read your entities. For other id options see @PrimaryKey.
[EL Config]: metadata: 2015-12-04 11:32:16.833--ServerSession(1243878853)--Thread(Thread[Test worker,5,main])--The alias name for the entity class [class com.athena.cloud.shared.entity.CloudDriveTagShared] is being defaulted to: CloudDriveTagShared.
[EL Config]: metadata: 2015-12-04 11:32:16.834--ServerSession(1243878853)--Thread(Thread[Test worker,5,main])--The column name for element [id] is being defaulted to: ID.
[EL Config]: metadata: 2015-12-04 11:32:16.834--ServerSession(1243878853)--Thread(Thread[Test worker,5,main])--The alias name for the entity class [class com.shopping.app.shared.authentication.UserAccessDomain] is being defaulted to: UserAccessDomain.
[EL Config]: metadata: 2015-12-04 11:32:16.835--ServerSession(1243878853)--Thread(Thread[Test worker,5,main])--The alias name for the entity class [class com.spartan.healthmeter.entity.HealthSchedulerConfiguration] is being defaulted to: HealthSchedulerConfiguration.
[EL Config]: metadata: 2015-12-04 11:32:16.835--ServerSession(1243878853)--Thread(Thread[Test worker,5,main])--The alias name for the entity class [class com.athena.cloud.shared.entity.CloudDriveFileVersion] is being defaulted to: CloudDriveFileVersion.
[EL Config]: metadata: 2015-12-04 11:32:16.836--ServerSession(1243878853)--Thread(Thread[Test worker,5,main])--The alias name for the entity class [class com.shopping.app.shared.location.Region] is being defaulted to: Region.
[EL Config]: metadata: 2015-12-04 11:32:16.836--ServerSession(1243878853)--Thread(Thread[Test worker,5,main])--The alias name for the entity class [class com.shopping.app.shared.authentication.UserAccessLevel] is being defaulted to: UserAccessLevel.
[EL Config]: metadata: 2015-12-04 11:32:16.837--ServerSession(1243878853)--Thread(Thread[Test worker,5,main])--The alias name for the entity class [class com.shopping.app.shared.authorization.UserRoleBridge] is being defaulted to: UserRoleBridge.
[EL Config]: metadata: 2015-12-04 11:32:16.837--ServerSession(1243878853)--Thread(Thread[Test worker,5,main])--The alias name for the entity class [class com.spartan.healthmeter.entity.ZenSchedulerHealth] is being defaulted to: ZenSchedulerHealth.
[EL Config]: metadata: 2015-12-04 11:32:16.839--ServerSession(1243878853)--Thread(Thread[Test worker,5,main])--The alias name for the entity class [class com.athena.shared.entity.report.ArtChartType] is being defaulted to: ArtChartType.
[EL Config]: metadata: 2015-12-04 11:32:16.839--ServerSession(1243878853)--Thread(Thread[Test worker,5,main])--The alias name for the entity class [class com.shopping.app.shared.authentication.PasswordAlgo] is being defaulted to: PasswordAlgo.
[EL Config]: metadata: 2015-12-04 11:32:16.84--ServerSession(1243878853)--Thread(Thread[Test worker,5,main])--The alias name for the entity class [class com.shopping.app.shared.authorization.Roles] is being defaulted to: Roles.
[EL Config]: metadata: 2015-12-04 11:32:16.841--ServerSession(1243878853)--Thread(Thread[Test worker,5,main])--The alias name for the entity class [class com.athena.shared.entity.query.ArtDatabaseFunction] is being defaulted to: ArtDatabaseFunction.
[EL Config]: metadata: 2015-12-04 11:32:16.841--ServerSession(1243878853)--Thread(Thread[Test worker,5,main])--The alias name for the entity class [class com.shopping.app.shared.location.AddressExtended] is being defaulted to: AddressExtended.
[EL Config]: metadata: 2015-12-04 11:32:16.842--ServerSession(1243878853)--Thread(Thread[Test worker,5,main])--The alias name for the entity class [class com.athena.shared.entity.report.ArtChartPropLanguage] is being defaulted to: ArtChartPropLanguage.
[EL Config]: metadata: 2015-12-04 11:32:16.843--ServerSession(1243878853)--Thread(Thread[Test worker,5,main])--The alias name for the entity class [class com.spartan.shield.server.entity.AppSessionConfig] is being defaulted to: AppSessionConfig.
[EL Config]: metadata: 2015-12-04 11:32:16.843--ServerSession(1243878853)--Thread(Thread[Test worker,5,main])--The alias name for the entity class [class com.athena.shared.entity.report.ArtLangMaster] is being defaulted to: ArtLangMaster.
[EL Config]: metadata: 2015-12-04 11:32:16.844--ServerSession(1243878853)--Thread(Thread[Test worker,5,main])--The alias name for the entity class [class com.athena.shared.entity.query.ArtDatabaseOperators] is being defaulted to: ArtDatabaseOperators.
[EL Config]: metadata: 2015-12-04 11:32:16.844--ServerSession(1243878853)--Thread(Thread[Test worker,5,main])--The alias name for the entity class [class com.shopping.app.shared.contacts.CommunicationGroup] is being defaulted to: CommunicationGroup.
[EL Config]: metadata: 2015-12-04 11:32:16.845--ServerSession(1243878853)--Thread(Thread[Test worker,5,main])--The alias name for the entity class [class com.athena.cloud.shared.entity.CloudDriveFileShared] is being defaulted to: CloudDriveFileShared.
[EL Config]: metadata: 2015-12-04 11:32:16.845--ServerSession(1243878853)--Thread(Thread[Test worker,5,main])--The column name for element [id] is being defaulted to: ID.
[EL Config]: metadata: 2015-12-04 11:32:16.846--ServerSession(1243878853)--Thread(Thread[Test worker,5,main])--The alias name for the entity class [class com.shopping.app.shared.location.Taluka] is being defaulted to: Taluka.
[EL Config]: metadata: 2015-12-04 11:32:16.846--ServerSession(1243878853)--Thread(Thread[Test worker,5,main])--The alias name for the entity class [class com.shopping.app.shared.authentication.PassRecovery] is being defaulted to: PassRecovery.
[EL Config]: metadata: 2015-12-04 11:32:16.847--ServerSession(1243878853)--Thread(Thread[Test worker,5,main])--The alias name for the entity class [class com.shopping.app.shared.contacts.CommunicationData] is being defaulted to: CommunicationData.
[EL Config]: metadata: 2015-12-04 11:32:16.847--ServerSession(1243878853)--Thread(Thread[Test worker,5,main])--The alias name for the entity class [class com.shopping.app.shared.location.Timezone] is being defaulted to: Timezone.
[EL Config]: metadata: 2015-12-04 11:32:16.848--ServerSession(1243878853)--Thread(Thread[Test worker,5,main])--The alias name for the entity class [class com.shopping.app.shared.authentication.SessionData] is being defaulted to: SessionData.
[EL Config]: metadata: 2015-12-04 11:32:16.849--ServerSession(1243878853)--Thread(Thread[Test worker,5,main])--The alias name for the entity class [class com.spartan.healthmeter.entity.ZenHealthStatus] is being defaulted to: ZenHealthStatus.
[EL Config]: metadata: 2015-12-04 11:32:16.849--ServerSession(1243878853)--Thread(Thread[Test worker,5,main])--The alias name for the entity class [class com.athena.cloud.shared.entity.CloudDriveDefaultTags] is being defaulted to: CloudDriveDefaultTags.
[EL Config]: metadata: 2015-12-04 11:32:16.85--ServerSession(1243878853)--Thread(Thread[Test worker,5,main])--The alias name for the entity class [class com.athena.shared.entity.query.ArtTableFieldDetails] is being defaulted to: ArtTableFieldDetails.
[EL Config]: metadata: 2015-12-04 11:32:16.851--ServerSession(1243878853)--Thread(Thread[Test worker,5,main])--The alias name for the entity class [class com.shopping.app.shared.location.Village] is being defaulted to: Village.
[EL Config]: metadata: 2015-12-04 11:32:16.852--ServerSession(1243878853)--Thread(Thread[Test worker,5,main])--The alias name for the entity class [class com.shopping.app.shared.authentication.User] is being defaulted to: User.
[EL Config]: metadata: 2015-12-04 11:32:16.852--ServerSession(1243878853)--Thread(Thread[Test worker,5,main])--The alias name for the entity class [class com.shopping.app.shared.authentication.PasswordPolicy] is being defaulted to: PasswordPolicy.
[EL Config]: metadata: 2015-12-04 11:32:16.853--ServerSession(1243878853)--Thread(Thread[Test worker,5,main])--The alias name for the entity class [class com.shopping.app.shared.customers.AppCustomerCategory] is being defaulted to: AppCustomerCategory.
[EL Config]: metadata: 2015-12-04 11:32:16.854--ServerSession(1243878853)--Thread(Thread[Test worker,5,main])--The alias name for the entity class [class com.spartan.healthmeter.entity.ZenRequestDetails] is being defaulted to: ZenRequestDetails.
[EL Config]: metadata: 2015-12-04 11:32:16.854--ServerSession(1243878853)--Thread(Thread[Test worker,5,main])--The alias name for the entity class [class com.athena.ruleengine.shared.ArtRules] is being defaulted to: ArtRules.
[EL Config]: metadata: 2015-12-04 11:32:16.855--ServerSession(1243878853)--Thread(Thread[Test worker,5,main])--The alias name for the entity class [class com.athena.shared.entity.report.ArtReportBuilderDetails] is being defaulted to: ArtReportBuilderDetails.
[EL Config]: metadata: 2015-12-04 11:32:16.856--ServerSession(1243878853)--Thread(Thread[Test worker,5,main])--The alias name for the entity class [class com.athena.cloud.shared.entity.CloudDriveTagFiles] is being defaulted to: CloudDriveTagFiles.
[EL Config]: metadata: 2015-12-04 11:32:16.856--ServerSession(1243878853)--Thread(Thread[Test worker,5,main])--The column name for element [id] is being defaulted to: ID.
[EL Config]: metadata: 2015-12-04 11:32:16.857--ServerSession(1243878853)--Thread(Thread[Test worker,5,main])--The alias name for the entity class [class com.shopping.app.shared.authorization.AppMenus] is being defaulted to: AppMenus.
[EL Config]: metadata: 2015-12-04 11:32:16.857--ServerSession(1243878853)--Thread(Thread[Test worker,5,main])--The alias name for the entity class [class com.shopping.app.shared.customers.AppCustomer] is being defaulted to: AppCustomer.
[EL Config]: metadata: 2015-12-04 11:32:16.858--ServerSession(1243878853)--Thread(Thread[Test worker,5,main])--The alias name for the entity class [class com.spartan.healthmeter.entity.ZenHealthCounter] is being defaulted to: ZenHealthCounter.
[EL Config]: metadata: 2015-12-04 11:32:16.859--ServerSession(1243878853)--Thread(Thread[Test worker,5,main])--The alias name for the entity class [class com.spartan.healthmeter.entity.ZenHealth] is being defaulted to: ZenHealth.
[EL Config]: metadata: 2015-12-04 11:32:16.86--ServerSession(1243878853)--Thread(Thread[Test worker,5,main])--The alias name for the entity class [class com.athena.shared.entity.report.ArtChartDataFieldJson] is being defaulted to: ArtChartDataFieldJson.
[EL Config]: metadata: 2015-12-04 11:32:16.861--ServerSession(1243878853)--Thread(Thread[Test worker,5,main])--The alias name for the entity class [class com.athena.shared.entity.report.ArtReportUI] is being defaulted to: ArtReportUI.
[EL Config]: metadata: 2015-12-04 11:32:16.861--ServerSession(1243878853)--Thread(Thread[Test worker,5,main])--The alias name for the entity class [class com.shopping.app.shared.authentication.UserData] is being defaulted to: UserData.
[EL Config]: metadata: 2015-12-04 11:32:16.862--ServerSession(1243878853)--Thread(Thread[Test worker,5,main])--The alias name for the entity class [class com.shopping.app.shared.location.Currency] is being defaulted to: Currency.
[EL Config]: metadata: 2015-12-04 11:32:16.862--ServerSession(1243878853)--Thread(Thread[Test worker,5,main])--The alias name for the entity class [class com.athena.shared.entity.report.ArtService] is being defaulted to: ArtService.
[EL Config]: metadata: 2015-12-04 11:32:16.863--ServerSession(1243878853)--Thread(Thread[Test worker,5,main])--The alias name for the entity class [class com.athena.server.bean.EntityBean] is being defaulted to: EntityBean.
[EL Config]: metadata: 2015-12-04 11:32:16.863--ServerSession(1243878853)--Thread(Thread[Test worker,5,main])--The table name for entity [class com.athena.server.bean.EntityBean] is being defaulted to: ENTITYBEAN.
[EL Config]: metadata: 2015-12-04 11:32:16.864--ServerSession(1243878853)--Thread(Thread[Test worker,5,main])--The column name for element [id] is being defaulted to: ID.
[EL Config]: metadata: 2015-12-04 11:32:16.864--ServerSession(1243878853)--Thread(Thread[Test worker,5,main])--The column name for element [name] is being defaulted to: NAME.
[EL Config]: metadata: 2015-12-04 11:32:16.864--ServerSession(1243878853)--Thread(Thread[Test worker,5,main])--The column name for element [fields] is being defaulted to: FIELDS.
[EL Config]: metadata: 2015-12-04 11:32:16.866--ServerSession(1243878853)--Thread(Thread[Test worker,5,main])--The alias name for the entity class [class com.shopping.app.shared.authentication.LoginSession] is being defaulted to: LoginSession.
[EL Config]: metadata: 2015-12-04 11:32:16.866--ServerSession(1243878853)--Thread(Thread[Test worker,5,main])--The alias name for the entity class [class com.athena.shared.entity.query.ArtDatabaseAggregate] is being defaulted to: ArtDatabaseAggregate.
[EL Config]: metadata: 2015-12-04 11:32:16.878--ServerSession(1243878853)--Thread(Thread[Test worker,5,main])--The primary key column name for the mapping element [field artservice] is being defaulted to: service_id.
[EL Config]: metadata: 2015-12-04 11:32:16.891--ServerSession(1243878853)--Thread(Thread[Test worker,5,main])--The primary key column name for the mapping element [field contentType] is being defaulted to: file_mime_type.
[EL Config]: metadata: 2015-12-04 11:32:16.894--ServerSession(1243878853)--Thread(Thread[Test worker,5,main])--The primary key column name for the mapping element [field file] is being defaulted to: file_id.
[EL Config]: metadata: 2015-12-04 11:32:16.894--ServerSession(1243878853)--Thread(Thread[Test worker,5,main])--The primary key column name for the mapping element [field file] is being defaulted to: file_id.
[EL Config]: metadata: 2015-12-04 11:32:16.894--ServerSession(1243878853)--Thread(Thread[Test worker,5,main])--The primary key column name for the mapping element [field file] is being defaulted to: file_id.
[EL Info]: 2015-12-04 11:32:17.627--ServerSession(1243878853)--Thread(Thread[Test worker,5,main])--EclipseLink, version: Eclipse Persistence Services - 2.5.1.v20130918-f2b9fc5
[EL Fine]: connection: 2015-12-04 11:32:17.835--Thread(Thread[Test worker,5,main])--Detected database platform: org.eclipse.persistence.platform.database.MySQLPlatform
[EL Config]: connection: 2015-12-04 11:32:17.846--ServerSession(1243878853)--Connection(2107316215)--Thread(Thread[Test worker,5,main])--connecting(DatabaseLogin(
	platform=>MySQLPlatform
	user name=> "shopping"
	datasource URL=> "jdbc:mysql://localhost:3306/shopping"
))
[EL Config]: connection: 2015-12-04 11:32:17.852--ServerSession(1243878853)--Connection(471198364)--Thread(Thread[Test worker,5,main])--Connected: jdbc:mysql://localhost:3306/shopping
	User: shopping@8423AFA0-0C9A-4916-B940-E958638F7BBE-shoppingportal-CL
	Database: MySQL  Version: 5.7.7-rc
	Driver: MySQL Connector Java  Version: mysql-connector-java-5.1.31 ( Revision: alexander.soklakov@oracle.com-20140520065950-groqzzbvxprqdmnz )
[EL Config]: connection: 2015-12-04 11:32:17.852--ServerSession(1243878853)--Connection(1658697259)--Thread(Thread[Test worker,5,main])--connecting(DatabaseLogin(
	platform=>MySQLPlatform
	user name=> "shopping"
	datasource URL=> "jdbc:mysql://localhost:3306/shopping"
))
[EL Config]: connection: 2015-12-04 11:32:17.858--ServerSession(1243878853)--Connection(817262138)--Thread(Thread[Test worker,5,main])--Connected: jdbc:mysql://localhost:3306/shopping
	User: shopping@8423AFA0-0C9A-4916-B940-E958638F7BBE-shoppingportal-CL
	Database: MySQL  Version: 5.7.7-rc
	Driver: MySQL Connector Java  Version: mysql-connector-java-5.1.31 ( Revision: alexander.soklakov@oracle.com-20140520065950-groqzzbvxprqdmnz )
[EL Config]: connection: 2015-12-04 11:32:17.858--ServerSession(1243878853)--Connection(419347154)--Thread(Thread[Test worker,5,main])--connecting(DatabaseLogin(
	platform=>MySQLPlatform
	user name=> "shopping"
	datasource URL=> "jdbc:mysql://localhost:3306/shopping"
))
[EL Config]: connection: 2015-12-04 11:32:17.864--ServerSession(1243878853)--Connection(1617560892)--Thread(Thread[Test worker,5,main])--Connected: jdbc:mysql://localhost:3306/shopping
	User: shopping@8423AFA0-0C9A-4916-B940-E958638F7BBE-shoppingportal-CL
	Database: MySQL  Version: 5.7.7-rc
	Driver: MySQL Connector Java  Version: mysql-connector-java-5.1.31 ( Revision: alexander.soklakov@oracle.com-20140520065950-groqzzbvxprqdmnz )
[EL Config]: connection: 2015-12-04 11:32:17.864--ServerSession(1243878853)--Connection(1350424471)--Thread(Thread[Test worker,5,main])--connecting(DatabaseLogin(
	platform=>MySQLPlatform
	user name=> "shopping"
	datasource URL=> "jdbc:mysql://localhost:3306/shopping"
))
[EL Config]: connection: 2015-12-04 11:32:17.869--ServerSession(1243878853)--Connection(2071989824)--Thread(Thread[Test worker,5,main])--Connected: jdbc:mysql://localhost:3306/shopping
	User: shopping@8423AFA0-0C9A-4916-B940-E958638F7BBE-shoppingportal-CL
	Database: MySQL  Version: 5.7.7-rc
	Driver: MySQL Connector Java  Version: mysql-connector-java-5.1.31 ( Revision: alexander.soklakov@oracle.com-20140520065950-groqzzbvxprqdmnz )
[EL Config]: connection: 2015-12-04 11:32:17.87--ServerSession(1243878853)--Connection(338152216)--Thread(Thread[Test worker,5,main])--connecting(DatabaseLogin(
	platform=>MySQLPlatform
	user name=> "shopping"
	datasource URL=> "jdbc:mysql://localhost:3306/shopping"
))
[EL Config]: connection: 2015-12-04 11:32:17.875--ServerSession(1243878853)--Connection(480602577)--Thread(Thread[Test worker,5,main])--Connected: jdbc:mysql://localhost:3306/shopping
	User: shopping@8423AFA0-0C9A-4916-B940-E958638F7BBE-shoppingportal-CL
	Database: MySQL  Version: 5.7.7-rc
	Driver: MySQL Connector Java  Version: mysql-connector-java-5.1.31 ( Revision: alexander.soklakov@oracle.com-20140520065950-groqzzbvxprqdmnz )
[EL Config]: connection: 2015-12-04 11:32:17.876--ServerSession(1243878853)--Connection(801515272)--Thread(Thread[Test worker,5,main])--connecting(DatabaseLogin(
	platform=>MySQLPlatform
	user name=> "shopping"
	datasource URL=> "jdbc:mysql://localhost:3306/shopping"
))
[EL Config]: connection: 2015-12-04 11:32:17.881--ServerSession(1243878853)--Connection(775863202)--Thread(Thread[Test worker,5,main])--Connected: jdbc:mysql://localhost:3306/shopping
	User: shopping@8423AFA0-0C9A-4916-B940-E958638F7BBE-shoppingportal-CL
	Database: MySQL  Version: 5.7.7-rc
	Driver: MySQL Connector Java  Version: mysql-connector-java-5.1.31 ( Revision: alexander.soklakov@oracle.com-20140520065950-groqzzbvxprqdmnz )
[EL Config]: connection: 2015-12-04 11:32:17.881--ServerSession(1243878853)--Connection(412131430)--Thread(Thread[Test worker,5,main])--connecting(DatabaseLogin(
	platform=>MySQLPlatform
	user name=> "shopping"
	datasource URL=> "jdbc:mysql://localhost:3306/shopping"
))
[EL Config]: connection: 2015-12-04 11:32:17.887--ServerSession(1243878853)--Connection(2049295012)--Thread(Thread[Test worker,5,main])--Connected: jdbc:mysql://localhost:3306/shopping
	User: shopping@8423AFA0-0C9A-4916-B940-E958638F7BBE-shoppingportal-CL
	Database: MySQL  Version: 5.7.7-rc
	Driver: MySQL Connector Java  Version: mysql-connector-java-5.1.31 ( Revision: alexander.soklakov@oracle.com-20140520065950-groqzzbvxprqdmnz )
[EL Config]: connection: 2015-12-04 11:32:17.887--ServerSession(1243878853)--Connection(1158536098)--Thread(Thread[Test worker,5,main])--connecting(DatabaseLogin(
	platform=>MySQLPlatform
	user name=> "shopping"
	datasource URL=> "jdbc:mysql://localhost:3306/shopping"
))
[EL Config]: connection: 2015-12-04 11:32:17.892--ServerSession(1243878853)--Connection(802587968)--Thread(Thread[Test worker,5,main])--Connected: jdbc:mysql://localhost:3306/shopping
	User: shopping@8423AFA0-0C9A-4916-B940-E958638F7BBE-shoppingportal-CL
	Database: MySQL  Version: 5.7.7-rc
	Driver: MySQL Connector Java  Version: mysql-connector-java-5.1.31 ( Revision: alexander.soklakov@oracle.com-20140520065950-groqzzbvxprqdmnz )
[EL Config]: connection: 2015-12-04 11:32:17.893--ServerSession(1243878853)--Connection(751191369)--Thread(Thread[Test worker,5,main])--connecting(DatabaseLogin(
	platform=>MySQLPlatform
	user name=> "shopping"
	datasource URL=> "jdbc:mysql://localhost:3306/shopping"
))
[EL Config]: connection: 2015-12-04 11:32:17.898--ServerSession(1243878853)--Connection(923408120)--Thread(Thread[Test worker,5,main])--Connected: jdbc:mysql://localhost:3306/shopping
	User: shopping@8423AFA0-0C9A-4916-B940-E958638F7BBE-shoppingportal-CL
	Database: MySQL  Version: 5.7.7-rc
	Driver: MySQL Connector Java  Version: mysql-connector-java-5.1.31 ( Revision: alexander.soklakov@oracle.com-20140520065950-groqzzbvxprqdmnz )
[EL Config]: connection: 2015-12-04 11:32:17.898--ServerSession(1243878853)--Connection(2003439618)--Thread(Thread[Test worker,5,main])--connecting(DatabaseLogin(
	platform=>MySQLPlatform
	user name=> "shopping"
	datasource URL=> "jdbc:mysql://localhost:3306/shopping"
))
[EL Config]: connection: 2015-12-04 11:32:17.904--ServerSession(1243878853)--Connection(1296976210)--Thread(Thread[Test worker,5,main])--Connected: jdbc:mysql://localhost:3306/shopping
	User: shopping@8423AFA0-0C9A-4916-B940-E958638F7BBE-shoppingportal-CL
	Database: MySQL  Version: 5.7.7-rc
	Driver: MySQL Connector Java  Version: mysql-connector-java-5.1.31 ( Revision: alexander.soklakov@oracle.com-20140520065950-groqzzbvxprqdmnz )
[EL Config]: connection: 2015-12-04 11:32:17.904--ServerSession(1243878853)--Connection(1320144420)--Thread(Thread[Test worker,5,main])--connecting(DatabaseLogin(
	platform=>MySQLPlatform
	user name=> "shopping"
	datasource URL=> "jdbc:mysql://localhost:3306/shopping"
))
[EL Config]: connection: 2015-12-04 11:32:17.91--ServerSession(1243878853)--Connection(1349672935)--Thread(Thread[Test worker,5,main])--Connected: jdbc:mysql://localhost:3306/shopping
	User: shopping@8423AFA0-0C9A-4916-B940-E958638F7BBE-shoppingportal-CL
	Database: MySQL  Version: 5.7.7-rc
	Driver: MySQL Connector Java  Version: mysql-connector-java-5.1.31 ( Revision: alexander.soklakov@oracle.com-20140520065950-groqzzbvxprqdmnz )
[EL Config]: connection: 2015-12-04 11:32:17.91--ServerSession(1243878853)--Connection(83255284)--Thread(Thread[Test worker,5,main])--connecting(DatabaseLogin(
	platform=>MySQLPlatform
	user name=> "shopping"
	datasource URL=> "jdbc:mysql://localhost:3306/shopping"
))
[EL Config]: connection: 2015-12-04 11:32:17.916--ServerSession(1243878853)--Connection(1410135631)--Thread(Thread[Test worker,5,main])--Connected: jdbc:mysql://localhost:3306/shopping
	User: shopping@8423AFA0-0C9A-4916-B940-E958638F7BBE-shoppingportal-CL
	Database: MySQL  Version: 5.7.7-rc
	Driver: MySQL Connector Java  Version: mysql-connector-java-5.1.31 ( Revision: alexander.soklakov@oracle.com-20140520065950-groqzzbvxprqdmnz )
[EL Config]: connection: 2015-12-04 11:32:17.916--ServerSession(1243878853)--Connection(520021925)--Thread(Thread[Test worker,5,main])--connecting(DatabaseLogin(
	platform=>MySQLPlatform
	user name=> "shopping"
	datasource URL=> "jdbc:mysql://localhost:3306/shopping"
))
[EL Config]: connection: 2015-12-04 11:32:17.922--ServerSession(1243878853)--Connection(807471582)--Thread(Thread[Test worker,5,main])--Connected: jdbc:mysql://localhost:3306/shopping
	User: shopping@8423AFA0-0C9A-4916-B940-E958638F7BBE-shoppingportal-CL
	Database: MySQL  Version: 5.7.7-rc
	Driver: MySQL Connector Java  Version: mysql-connector-java-5.1.31 ( Revision: alexander.soklakov@oracle.com-20140520065950-groqzzbvxprqdmnz )
[EL Config]: connection: 2015-12-04 11:32:17.922--ServerSession(1243878853)--Connection(1225713281)--Thread(Thread[Test worker,5,main])--connecting(DatabaseLogin(
	platform=>MySQLPlatform
	user name=> "shopping"
	datasource URL=> "jdbc:mysql://localhost:3306/shopping"
))
[EL Config]: connection: 2015-12-04 11:32:17.928--ServerSession(1243878853)--Connection(1240764264)--Thread(Thread[Test worker,5,main])--Connected: jdbc:mysql://localhost:3306/shopping
	User: shopping@8423AFA0-0C9A-4916-B940-E958638F7BBE-shoppingportal-CL
	Database: MySQL  Version: 5.7.7-rc
	Driver: MySQL Connector Java  Version: mysql-connector-java-5.1.31 ( Revision: alexander.soklakov@oracle.com-20140520065950-groqzzbvxprqdmnz )
[EL Config]: connection: 2015-12-04 11:32:17.928--ServerSession(1243878853)--Connection(1458772678)--Thread(Thread[Test worker,5,main])--connecting(DatabaseLogin(
	platform=>MySQLPlatform
	user name=> "shopping"
	datasource URL=> "jdbc:mysql://localhost:3306/shopping"
))
[EL Config]: connection: 2015-12-04 11:32:17.934--ServerSession(1243878853)--Connection(210559855)--Thread(Thread[Test worker,5,main])--Connected: jdbc:mysql://localhost:3306/shopping
	User: shopping@8423AFA0-0C9A-4916-B940-E958638F7BBE-shoppingportal-CL
	Database: MySQL  Version: 5.7.7-rc
	Driver: MySQL Connector Java  Version: mysql-connector-java-5.1.31 ( Revision: alexander.soklakov@oracle.com-20140520065950-groqzzbvxprqdmnz )
[EL Config]: connection: 2015-12-04 11:32:17.935--ServerSession(1243878853)--Connection(210559855)--Thread(Thread[Test worker,5,main])--disconnect
[EL Warning]: metadata: 2015-12-04 11:32:17.958--ServerSession(1243878853)--Thread(Thread[Test worker,5,main])--Reverting the lazy setting on the OneToOne or ManyToOne attribute [user] for the entity class [class com.shopping.app.shared.authentication.UserData] since weaving was not enabled or did not occur.
[EL Warning]: metadata: 2015-12-04 11:32:17.959--ServerSession(1243878853)--Thread(Thread[Test worker,5,main])--Reverting the lazy setting on the OneToOne or ManyToOne attribute [user] for the entity class [class com.shopping.app.shared.authentication.PassRecovery] since weaving was not enabled or did not occur.
[EL Warning]: metadata: 2015-12-04 11:32:17.96--ServerSession(1243878853)--Thread(Thread[Test worker,5,main])--Reverting the lazy setting on the OneToOne or ManyToOne attribute [userData] for the entity class [class com.shopping.app.shared.authentication.User] since weaving was not enabled or did not occur.
[EL Warning]: metadata: 2015-12-04 11:32:17.96--ServerSession(1243878853)--Thread(Thread[Test worker,5,main])--Reverting the lazy setting on the OneToOne or ManyToOne attribute [coreContacts] for the entity class [class com.shopping.app.shared.authentication.Login] since weaving was not enabled or did not occur.
[EL Warning]: metadata: 2015-12-04 11:32:17.96--ServerSession(1243878853)--Thread(Thread[Test worker,5,main])--Reverting the lazy setting on the OneToOne or ManyToOne attribute [user] for the entity class [class com.shopping.app.shared.authentication.Login] since weaving was not enabled or did not occur.
[EL Info]: connection: 2015-12-04 11:32:18.286--ServerSession(1243878853)--Thread(Thread[Test worker,5,main])--file:/home/applifire/workspace/shoppingportal/build/resources/main_shoppingportal login successful
inside Disk Health
NOTIFYING OBSERVERS
notification received to observer
Queue manager defined with queue type 0 and size 100000
Event Queue Consumer started
came in healthmeter bean
came in initHealth
 Queue manager qType : 0
 Queue manager qSize : 10000
Queue manager defined with queue type 0 and size 10000
Event Queue Consumer started
+++++++++++++++++++++++++++++++++++++++++++++++++++++++++++++++
creating bean JpqlToSqlConfig
In around applifire repository aspect
Creating dir for logger @ logs/backups
Creating backup dir for logger @ logs/backups
Fri Dec 04 11:32:22 UTC 2015|DH-TP|***.***.***| appLogger : Starting all DataHandler Worker Threads.....
[EL Fine]: sql: 2015-12-04 11:32:22.457--ClientSession(592567040)--Connection(1240764264)--Thread(Thread[Test worker,5,main])--SELECT query_id, active_status, app_creator_id, created_by, created_date, hidden_name, jpql_query, name, project_id, project_version_id, query_json, query_type, sql_query, updated_by, updated_date, version_id FROM art_query WHERE ((active_status = ?) AND (sql_query IS NULL))
	bind => [true]
[EL Config]: connection: 2015-12-04 11:32:22.464--ServerSession(1243878853)--Connection(1240764264)--Thread(Thread[Test worker,5,main])--disconnect
came in myClass bean
In around repository aspect
[EL Fine]: sql: 2015-12-04 11:32:28.483--ClientSession(1310074985)--Connection(807471582)--Thread(Thread[Test worker,5,main])--INSERT INTO ast_Country_M (countryId, capital, capitalLatitude, capitalLongitude, countryCode1, countryCode2, countryFlag, countryName, currencyCode, currencyName, currencySymbol, isoNumeric, versionId, createdBy, createdDate, updatedBy, updatedDate, activeStatus, txnAccessCode) VALUES (?, ?, ?, ?, ?, ?, ?, ?, ?, ?, ?, ?, ?, ?, ?, ?, ?, ?, ?)
	bind => [6B82ABD6-58C5-47CA-A606-8D6A4AFCBB76, 5zktbnzc9ArcNYcLlgG3DjKGj0eS9oNM, 1, 11, TI0, Fjc, D6oI2pZ85fQbtykg9QemZpOEoisKrRAn5URG3dHnDTHeII596H, Csxtf2aplHapyXLVDKzgPT1xoecRxnRzSKCRKB7QVSrtjv4ICf, Vyy, qLZkyWAPo1d9uXd3DYSsELA9wLhTU2exYgG7C5dX0N32EGygOS, pa24u606r3P1MafAHYLUI7VtnjSiFD1n, 3, 1, AAAAA, 2015-12-04 17:02:28.031, null, 2015-12-04 17:02:28.031, 1, null]
[EL Config]: connection: 2015-12-04 11:32:28.488--ServerSession(1243878853)--Connection(807471582)--Thread(Thread[Test worker,5,main])--disconnect
In around repository aspect
[EL Fine]: sql: 2015-12-04 11:32:28.529--ClientSession(1081136385)--Connection(1410135631)--Thread(Thread[Test worker,5,main])--INSERT INTO ast_State_M (stateId, countryId, stateCapital, stateCapitalLatitude, stateCapitalLongitude, stateCode, stateCodeChar2, stateCodeChar3, stateDescription, stateFlag, stateName, versionId, createdBy, createdDate, updatedBy, updatedDate, activeStatus, txnAccessCode) VALUES (?, ?, ?, ?, ?, ?, ?, ?, ?, ?, ?, ?, ?, ?, ?, ?, ?, ?)
	bind => [1053055D-B296-4F06-A1DC-0F678D81930A, 6B82ABD6-58C5-47CA-A606-8D6A4AFCBB76, hf8BwSVsWuCRGG3xYmohCHPcW7JDskdSfyCHVQV7Tp1QONQzOa, 6, 3, 2, UjBb2YbxU122L2iOMvSiv4t1xKDW0ijL, 6ph0BWhHP1Ax03KvIcGBFw0Q1zanKKpz, l2qkND2kSEB6NUz3DiC8bh2oWPZbfogENcp7lt6O8O2O7CRVcW, 2hawL3DAN7hUGNbIHGNSQTXZcCqAktHBh61DINZGtWB977rCW2, yriKTNcirEqvhXhAIxpQxtAQZwIShuHxJxrz9EqgNRo47Ia4Sy, 1, AAAAA, 2015-12-04 17:02:28.49, null, 2015-12-04 17:02:28.49, 1, null]
[EL Config]: connection: 2015-12-04 11:32:28.534--ServerSession(1243878853)--Connection(1410135631)--Thread(Thread[Test worker,5,main])--disconnect
In around repository aspect
[EL Fine]: sql: 2015-12-04 11:32:28.584--ClientSession(595174214)--Connection(1349672935)--Thread(Thread[Test worker,5,main])--INSERT INTO ast_Region_M (regionId, countryId, regionCode1, regionCodeChar2, regionDescription, regionFlag, regionLatitude, regionLongitude, regionName, stateId, versionId, createdBy, createdDate, updatedBy, updatedDate, activeStatus, txnAccessCode) VALUES (?, ?, ?, ?, ?, ?, ?, ?, ?, ?, ?, ?, ?, ?, ?, ?, ?)
	bind => [0088B1A8-1749-4314-8543-D1C9D1E2C4F6, 6B82ABD6-58C5-47CA-A606-8D6A4AFCBB76, 0, sLBCoSJkYXNutC8s83vmnTfbioXAAiS1, 9ujxxssc43rqsZb78jefFCrJSY5NxOohVi7RF4CSLwzxQlDO8Z, s4CwWzcyrU19y1I2vMdToUL4TE9VulyCrGfqfyNqMtg6i0Fcop, 4, 9, AGEI2gyvjwSW7g7DRzSys8YrikQxK7MPohq2uRxXEgC4Opjpa0, 1053055D-B296-4F06-A1DC-0F678D81930A, 1, AAAAA, 2015-12-04 17:02:28.49, null, 2015-12-04 17:02:28.49, 1, null]
[EL Config]: connection: 2015-12-04 11:32:28.59--ServerSession(1243878853)--Connection(1349672935)--Thread(Thread[Test worker,5,main])--disconnect
In around repository aspect
[EL Fine]: sql: 2015-12-04 11:32:28.631--ClientSession(672089490)--Connection(1296976210)--Thread(Thread[Test worker,5,main])--INSERT INTO ast_District_M (districtId, code2, countryId, districtDescription, districtFlag, districtLatitude, districtLongitude, Name, regionId, stateId, versionId, createdBy, createdDate, updatedBy, updatedDate, activeStatus, txnAccessCode) VALUES (?, ?, ?, ?, ?, ?, ?, ?, ?, ?, ?, ?, ?, ?, ?, ?, ?)
	bind => [2DAEB2B0-9E12-4538-9A14-5059308581C9, Yjrfg4Ke0JfxgbDubJzVusSBg4QnjU5m, 6B82ABD6-58C5-47CA-A606-8D6A4AFCBB76, qzixXRxdDSLxKg0y8xe4UXIZLN5K1IR9Brxgpo94dLuU1bmawh, wbJ07heO4IOmgyJgkhMc2JTZRE5cXoOiFPthu58kjm30Q0f82T, 8, 4, xUUMH5bw6vSWeufGYdSIpplTC0MCaxFJFs69QLYGiNBQ0U6z0t, 0088B1A8-1749-4314-8543-D1C9D1E2C4F6, 1053055D-B296-4F06-A1DC-0F678D81930A, 1, AAAAA, 2015-12-04 17:02:28.49, null, 2015-12-04 17:02:28.49, 1, null]
[EL Config]: connection: 2015-12-04 11:32:28.635--ServerSession(1243878853)--Connection(1296976210)--Thread(Thread[Test worker,5,main])--disconnect
In around repository aspect
[EL Fine]: sql: 2015-12-04 11:32:28.672--ClientSession(1981842554)--Connection(923408120)--Thread(Thread[Test worker,5,main])--INSERT INTO ast_Taluka_M (talukaId, countryId, districtId, regionId, stateId, talukaCode, talukaDescription, talukaFlag, talukaLatitude, talukaLongitude, talukaName, versionId, createdBy, createdDate, updatedBy, updatedDate, activeStatus, txnAccessCode) VALUES (?, ?, ?, ?, ?, ?, ?, ?, ?, ?, ?, ?, ?, ?, ?, ?, ?, ?)
	bind => [A936582F-0FDB-491B-B803-15B2E8EA65CD, 6B82ABD6-58C5-47CA-A606-8D6A4AFCBB76, 2DAEB2B0-9E12-4538-9A14-5059308581C9, 0088B1A8-1749-4314-8543-D1C9D1E2C4F6, 1053055D-B296-4F06-A1DC-0F678D81930A, cSyVtFAgnktY8O1Xy3nVlRFdcNYcKn2V, TVoknebOAkJQXyZkEuEQUxRdegabYpRkgRXqT0Qrb4CqxzFl7E, iwmgxpgLNdpIEEy2IprsHYICI0t4tt2M9Vk8TyWx1ygV5PX0w8, 4, 0, yaQbKDYOX1subPRZNCSxTqZComI43297hqDzj2MDBqjbK7OLvM, 1, AAAAA, 2015-12-04 17:02:28.635, null, 2015-12-04 17:02:28.635, 1, null]
[EL Config]: connection: 2015-12-04 11:32:28.676--ServerSession(1243878853)--Connection(923408120)--Thread(Thread[Test worker,5,main])--disconnect
Setting logged in user info for ADD
In around repository aspect
[EL Fine]: sql: 2015-12-04 11:32:28.736--ClientSession(350235980)--Connection(802587968)--Thread(Thread[Test worker,5,main])--INSERT INTO ast_Village_M (villageId, countryId, districtId, regionId, stateId, talukaaId, versionId, villageCode, villageDescription, villageFlag, villageLatitude, villageLongtitude, villageName, createdBy, createdDate, updatedBy, updatedDate, activeStatus, txnAccessCode) VALUES (?, ?, ?, ?, ?, ?, ?, ?, ?, ?, ?, ?, ?, ?, ?, ?, ?, ?, ?)
	bind => [C0FD673E-B82B-471A-8A58-657D7F29892E, 6B82ABD6-58C5-47CA-A606-8D6A4AFCBB76, 2DAEB2B0-9E12-4538-9A14-5059308581C9, 0088B1A8-1749-4314-8543-D1C9D1E2C4F6, 1053055D-B296-4F06-A1DC-0F678D81930A, A936582F-0FDB-491B-B803-15B2E8EA65CD, 1, mLxXxXuAAAYm2tXDRA3NiJzj7wlERhza, F3EttclmyGkkQ7SwZNC2d75UBG8z1uQ8CmSHmdvKpdQHQzpRah, e6bzXvbves6TCzKTJO4BXT0kKSeSIC1wBbMjeXpAxXqCp8MpU9, 10, 7, 5Q45DUj10RvOQjYgaSQBuRPzpBei1TZBHrvPBsA6yC2kt4Hb0U, AAAAA, 2015-12-04 17:02:28.677, null, 2015-12-04 17:02:28.677, 1, null]
[EL Config]: connection: 2015-12-04 11:32:28.74--ServerSession(1243878853)--Connection(802587968)--Thread(Thread[Test worker,5,main])--disconnect
In around repository aspect
[EL Fine]: sql: 2015-12-04 11:32:28.749--ClientSession(1017101000)--Connection(2049295012)--Thread(Thread[Test worker,5,main])--SELECT villageId, countryId, districtId, regionId, stateId, talukaaId, versionId, villageCode, villageDescription, villageFlag, villageLatitude, villageLongtitude, villageName, createdBy, createdDate, updatedBy, updatedDate, activeStatus, txnAccessCode FROM ast_Village_M WHERE ((activeStatus = ?) AND (villageId = ?))
	bind => [1, C0FD673E-B82B-471A-8A58-657D7F29892E]
[EL Config]: connection: 2015-12-04 11:32:28.753--ServerSession(1243878853)--Connection(2049295012)--Thread(Thread[Test worker,5,main])--disconnect
Setting logged in user info for UPDATE
In around repository aspect
[EL Fine]: sql: 2015-12-04 11:32:28.758--ClientSession(1564714217)--Connection(775863202)--Thread(Thread[Test worker,5,main])--SELECT villageId, countryId, districtId, regionId, stateId, talukaaId, versionId, villageCode, villageDescription, villageFlag, villageLatitude, villageLongtitude, villageName, createdBy, createdDate, updatedBy, updatedDate, activeStatus, txnAccessCode FROM ast_Village_M WHERE (villageId = ?)
	bind => [C0FD673E-B82B-471A-8A58-657D7F29892E]
[EL Fine]: sql: 2015-12-04 11:32:28.761--ClientSession(1564714217)--Connection(775863202)--Thread(Thread[Test worker,5,main])--UPDATE ast_Village_M SET villageCode = ?, villageDescription = ?, villageFlag = ?, villageLatitude = ?, villageLongtitude = ?, villageName = ?, updatedBy = ?, versionId = ? WHERE ((villageId = ?) AND (versionId = ?))
	bind => [M7uxctDKBp3OdNnWn6hJIBBpcEUpm0Iy, 1zVYWTTJpJ13NCMnWELP4hzu3BJPxAa7CF7rAx1qnwof2qng3D, wUC5yRmsSvASTF2JhtYyiBTuWBeCmU5gtXhDVQ9jtyMkziQTql, 6, 4, OgmOybxTEqvB70metLWF4y5Rv80OKGDy6HzX4eqAGWK6i5PLMc, AAAAA, 2, C0FD673E-B82B-471A-8A58-657D7F29892E, 1]
In around repository aspect
[EL Fine]: sql: 2015-12-04 11:32:28.77--ClientSession(1357702118)--Connection(775863202)--Thread(Thread[Test worker,5,main])--SELECT villageId, countryId, districtId, regionId, stateId, talukaaId, versionId, villageCode, villageDescription, villageFlag, villageLatitude, villageLongtitude, villageName, createdBy, createdDate, updatedBy, updatedDate, activeStatus, txnAccessCode FROM ast_Village_M WHERE ((activeStatus = ?) AND (villageId = ?))
	bind => [1, C0FD673E-B82B-471A-8A58-657D7F29892E]
In around repository aspect
[EL Fine]: sql: 2015-12-04 11:32:28.779--ClientSession(986224417)--Connection(775863202)--Thread(Thread[Test worker,5,main])--SELECT villageId, countryId, districtId, regionId, stateId, talukaaId, versionId, villageCode, villageDescription, villageFlag, villageLatitude, villageLongtitude, villageName, createdBy, createdDate, updatedBy, updatedDate, activeStatus, txnAccessCode FROM ast_Village_M WHERE ((activeStatus = ?) AND (countryId = ?))
	bind => [1, 6B82ABD6-58C5-47CA-A606-8D6A4AFCBB76]
In around repository aspect
[EL Fine]: sql: 2015-12-04 11:32:28.788--ClientSession(489827191)--Connection(775863202)--Thread(Thread[Test worker,5,main])--SELECT villageId, countryId, districtId, regionId, stateId, talukaaId, versionId, villageCode, villageDescription, villageFlag, villageLatitude, villageLongtitude, villageName, createdBy, createdDate, updatedBy, updatedDate, activeStatus, txnAccessCode FROM ast_Village_M WHERE ((activeStatus = ?) AND (districtId = ?))
	bind => [1, 2DAEB2B0-9E12-4538-9A14-5059308581C9]
In around repository aspect
[EL Fine]: sql: 2015-12-04 11:32:28.796--ClientSession(1323742169)--Connection(775863202)--Thread(Thread[Test worker,5,main])--SELECT villageId, countryId, districtId, regionId, stateId, talukaaId, versionId, villageCode, villageDescription, villageFlag, villageLatitude, villageLongtitude, villageName, createdBy, createdDate, updatedBy, updatedDate, activeStatus, txnAccessCode FROM ast_Village_M WHERE ((activeStatus = ?) AND (regionId = ?))
	bind => [1, 0088B1A8-1749-4314-8543-D1C9D1E2C4F6]
In around repository aspect
[EL Fine]: sql: 2015-12-04 11:32:28.805--ClientSession(2099817922)--Connection(775863202)--Thread(Thread[Test worker,5,main])--SELECT villageId, countryId, districtId, regionId, stateId, talukaaId, versionId, villageCode, villageDescription, villageFlag, villageLatitude, villageLongtitude, villageName, createdBy, createdDate, updatedBy, updatedDate, activeStatus, txnAccessCode FROM ast_Village_M WHERE ((activeStatus = ?) AND (stateId = ?))
	bind => [1, 1053055D-B296-4F06-A1DC-0F678D81930A]
In around repository aspect
[EL Fine]: sql: 2015-12-04 11:32:28.813--ClientSession(120611817)--Connection(775863202)--Thread(Thread[Test worker,5,main])--SELECT villageId, countryId, districtId, regionId, stateId, talukaaId, versionId, villageCode, villageDescription, villageFlag, villageLatitude, villageLongtitude, villageName, createdBy, createdDate, updatedBy, updatedDate, activeStatus, txnAccessCode FROM ast_Village_M WHERE ((activeStatus = ?) AND (talukaaId = ?))
	bind => [1, A936582F-0FDB-491B-B803-15B2E8EA65CD]
In around repository aspect
[EL Fine]: sql: 2015-12-04 11:32:28.822--ClientSession(2043055124)--Connection(775863202)--Thread(Thread[Test worker,5,main])--SELECT villageId, countryId, districtId, regionId, stateId, talukaaId, versionId, villageCode, villageDescription, villageFlag, villageLatitude, villageLongtitude, villageName, createdBy, createdDate, updatedBy, updatedDate, activeStatus, txnAccessCode FROM ast_Village_M WHERE (villageId = ?)
	bind => [C0FD673E-B82B-471A-8A58-657D7F29892E]
[EL Fine]: sql: 2015-12-04 11:32:28.825--ClientSession(2043055124)--Connection(775863202)--Thread(Thread[Test worker,5,main])--DELETE FROM ast_Village_M WHERE ((villageId = ?) AND (versionId = ?))
	bind => [C0FD673E-B82B-471A-8A58-657D7F29892E, 2]
In around repository aspect
[EL Fine]: sql: 2015-12-04 11:32:28.837--ClientSession(1850962263)--Connection(775863202)--Thread(Thread[Test worker,5,main])--SELECT talukaId, countryId, districtId, regionId, stateId, talukaCode, talukaDescription, talukaFlag, talukaLatitude, talukaLongitude, talukaName, versionId, createdBy, createdDate, updatedBy, updatedDate, activeStatus, txnAccessCode FROM ast_Taluka_M WHERE (talukaId = ?)
	bind => [A936582F-0FDB-491B-B803-15B2E8EA65CD]
[EL Fine]: sql: 2015-12-04 11:32:28.839--ClientSession(1850962263)--Connection(775863202)--Thread(Thread[Test worker,5,main])--DELETE FROM ast_Taluka_M WHERE ((talukaId = ?) AND (versionId = ?))
	bind => [A936582F-0FDB-491B-B803-15B2E8EA65CD, 1]
In around repository aspect
[EL Fine]: sql: 2015-12-04 11:32:28.85--ClientSession(114208441)--Connection(775863202)--Thread(Thread[Test worker,5,main])--SELECT districtId, code2, countryId, districtDescription, districtFlag, districtLatitude, districtLongitude, Name, regionId, stateId, versionId, createdBy, createdDate, updatedBy, updatedDate, activeStatus, txnAccessCode FROM ast_District_M WHERE (districtId = ?)
	bind => [2DAEB2B0-9E12-4538-9A14-5059308581C9]
[EL Fine]: sql: 2015-12-04 11:32:28.852--ClientSession(114208441)--Connection(775863202)--Thread(Thread[Test worker,5,main])--DELETE FROM ast_District_M WHERE ((districtId = ?) AND (versionId = ?))
	bind => [2DAEB2B0-9E12-4538-9A14-5059308581C9, 1]
In around repository aspect
[EL Fine]: sql: 2015-12-04 11:32:28.861--ClientSession(606002589)--Connection(775863202)--Thread(Thread[Test worker,5,main])--SELECT regionId, countryId, regionCode1, regionCodeChar2, regionDescription, regionFlag, regionLatitude, regionLongitude, regionName, stateId, versionId, createdBy, createdDate, updatedBy, updatedDate, activeStatus, txnAccessCode FROM ast_Region_M WHERE (regionId = ?)
	bind => [0088B1A8-1749-4314-8543-D1C9D1E2C4F6]
[EL Fine]: sql: 2015-12-04 11:32:28.863--ClientSession(606002589)--Connection(775863202)--Thread(Thread[Test worker,5,main])--DELETE FROM ast_Region_M WHERE ((regionId = ?) AND (versionId = ?))
	bind => [0088B1A8-1749-4314-8543-D1C9D1E2C4F6, 1]
In around repository aspect
[EL Fine]: sql: 2015-12-04 11:32:28.875--ClientSession(803748918)--Connection(775863202)--Thread(Thread[Test worker,5,main])--SELECT stateId, countryId, stateCapital, stateCapitalLatitude, stateCapitalLongitude, stateCode, stateCodeChar2, stateCodeChar3, stateDescription, stateFlag, stateName, versionId, createdBy, createdDate, updatedBy, updatedDate, activeStatus, txnAccessCode FROM ast_State_M WHERE (stateId = ?)
	bind => [1053055D-B296-4F06-A1DC-0F678D81930A]
[EL Fine]: sql: 2015-12-04 11:32:28.884--ClientSession(803748918)--Connection(775863202)--Thread(Thread[Test worker,5,main])--DELETE FROM ast_State_M WHERE ((stateId = ?) AND (versionId = ?))
	bind => [1053055D-B296-4F06-A1DC-0F678D81930A, 1]
In around repository aspect
[EL Fine]: sql: 2015-12-04 11:32:28.897--ClientSession(538240854)--Connection(775863202)--Thread(Thread[Test worker,5,main])--SELECT countryId, capital, capitalLatitude, capitalLongitude, countryCode1, countryCode2, countryFlag, countryName, currencyCode, currencyName, currencySymbol, isoNumeric, versionId, createdBy, createdDate, updatedBy, updatedDate, activeStatus, txnAccessCode FROM ast_Country_M WHERE (countryId = ?)
	bind => [6B82ABD6-58C5-47CA-A606-8D6A4AFCBB76]
[EL Fine]: sql: 2015-12-04 11:32:28.901--ClientSession(538240854)--Connection(775863202)--Thread(Thread[Test worker,5,main])--DELETE FROM ast_Country_M WHERE ((countryId = ?) AND (versionId = ?))
	bind => [6B82ABD6-58C5-47CA-A606-8D6A4AFCBB76, 1]
]]></system-out>
  <system-err><![CDATA[log4j:WARN No appenders could be found for logger (org.springframework.test.context.junit4.SpringJUnit4ClassRunner).
log4j:WARN Please initialize the log4j system properly.
log4j:WARN See http://logging.apache.org/log4j/1.2/faq.html#noconfig for more info.
]]></system-err>
</testsuite>
